TN:
SF:src\App.jsx
FN:33,App
FN:35,(anonymous_1)
FN:39,(anonymous_2)
FNF:3
FNH:0
FNDA:0,App
FNDA:0,(anonymous_1)
FNDA:0,(anonymous_2)
DA:35,0
DA:36,0
DA:39,0
DA:40,0
DA:44,0
LF:5
LH:0
BRF:0
BRH:0
end_of_record
TN:
SF:src\components\AISchedulingAssistant.jsx
FN:5,(anonymous_0)
FN:31,(anonymous_1)
FN:55,(anonymous_2)
FN:67,(anonymous_3)
FN:82,(anonymous_4)
FN:88,(anonymous_5)
FN:89,(anonymous_6)
FN:93,(anonymous_7)
FN:97,(anonymous_8)
FN:103,(anonymous_9)
FN:118,(anonymous_10)
FN:121,(anonymous_11)
FN:140,(anonymous_12)
FN:143,(anonymous_13)
FN:160,(anonymous_14)
FN:173,(anonymous_15)
FN:177,(anonymous_16)
FN:187,(anonymous_17)
FN:195,(anonymous_18)
FN:209,(anonymous_19)
FN:222,(anonymous_20)
FN:237,(anonymous_21)
FN:248,(anonymous_22)
FN:268,(anonymous_23)
FN:301,(anonymous_24)
FN:334,(anonymous_25)
FN:335,(anonymous_26)
FN:346,(anonymous_27)
FNF:28
FNH:0
FNDA:0,(anonymous_0)
FNDA:0,(anonymous_1)
FNDA:0,(anonymous_2)
FNDA:0,(anonymous_3)
FNDA:0,(anonymous_4)
FNDA:0,(anonymous_5)
FNDA:0,(anonymous_6)
FNDA:0,(anonymous_7)
FNDA:0,(anonymous_8)
FNDA:0,(anonymous_9)
FNDA:0,(anonymous_10)
FNDA:0,(anonymous_11)
FNDA:0,(anonymous_12)
FNDA:0,(anonymous_13)
FNDA:0,(anonymous_14)
FNDA:0,(anonymous_15)
FNDA:0,(anonymous_16)
FNDA:0,(anonymous_17)
FNDA:0,(anonymous_18)
FNDA:0,(anonymous_19)
FNDA:0,(anonymous_20)
FNDA:0,(anonymous_21)
FNDA:0,(anonymous_22)
FNDA:0,(anonymous_23)
FNDA:0,(anonymous_24)
FNDA:0,(anonymous_25)
FNDA:0,(anonymous_26)
FNDA:0,(anonymous_27)
DA:5,0
DA:12,0
DA:13,0
DA:14,0
DA:15,0
DA:16,0
DA:17,0
DA:18,0
DA:19,0
DA:31,0
DA:32,0
DA:34,0
DA:35,0
DA:37,0
DA:38,0
DA:44,0
DA:45,0
DA:46,0
DA:48,0
DA:50,0
DA:55,0
DA:56,0
DA:57,0
DA:59,0
DA:60,0
DA:66,0
DA:67,0
DA:68,0
DA:72,0
DA:74,0
DA:75,0
DA:77,0
DA:82,0
DA:83,0
DA:84,0
DA:88,0
DA:89,0
DA:93,0
DA:94,0
DA:97,0
DA:98,0
DA:104,0
DA:118,0
DA:119,0
DA:121,0
DA:140,0
DA:144,0
DA:160,0
DA:161,0
DA:174,0
DA:177,0
DA:187,0
DA:188,0
DA:195,0
DA:209,0
DA:222,0
DA:237,0
DA:248,0
DA:268,0
DA:292,0
DA:301,0
DA:334,0
DA:336,0
DA:347,0
LF:64
LH:0
BRDA:6,0,0,0
BRDA:7,1,0,0
BRDA:9,2,0,0
BRDA:10,3,0,0
BRDA:32,4,0,0
BRDA:32,4,1,0
BRDA:66,5,0,0
BRDA:66,5,1,0
BRDA:120,6,0,0
BRDA:120,6,1,0
BRDA:120,7,0,0
BRDA:120,7,1,0
BRDA:120,8,0,0
BRDA:120,8,1,0
BRDA:137,9,0,0
BRDA:137,9,1,0
BRDA:146,10,0,0
BRDA:146,10,1,0
BRDA:164,11,0,0
BRDA:164,11,1,0
BRDA:165,12,0,0
BRDA:165,12,1,0
BRDA:168,13,0,0
BRDA:168,13,1,0
BRDA:171,14,0,0
BRDA:171,14,1,0
BRDA:263,15,0,0
BRDA:263,15,1,0
BRDA:268,16,0,0
BRDA:268,16,1,0
BRDA:308,17,0,0
BRDA:308,17,1,0
BRDA:322,18,0,0
BRDA:322,18,1,0
BRDA:329,19,0,0
BRDA:329,19,1,0
BRDA:342,20,0,0
BRDA:342,20,1,0
BRDA:358,21,0,0
BRDA:358,21,1,0
BRDA:358,21,2,0
BRDA:358,21,3,0
BRDA:365,22,0,0
BRDA:365,22,1,0
BRF:44
BRH:0
end_of_record
TN:
SF:src\components\AdvancedSkillTagging.jsx
FN:11,(anonymous_0)
FN:33,(anonymous_1)
FN:37,(anonymous_2)
FN:38,(anonymous_3)
FN:46,(anonymous_4)
FN:49,(anonymous_5)
FN:54,(anonymous_6)
FN:55,(anonymous_7)
FN:60,(anonymous_8)
FN:66,(anonymous_9)
FN:70,(anonymous_10)
FN:76,(anonymous_11)
FN:82,(anonymous_12)
FN:96,(anonymous_13)
FN:98,(anonymous_14)
FN:129,(anonymous_15)
FN:133,(anonymous_16)
FN:150,(anonymous_17)
FN:152,(anonymous_18)
FN:159,(anonymous_19)
FN:160,(anonymous_20)
FN:173,(anonymous_21)
FN:186,(anonymous_22)
FN:196,(anonymous_23)
FN:197,(anonymous_24)
FN:203,(anonymous_25)
FN:204,(anonymous_26)
FN:222,(anonymous_27)
FN:226,(anonymous_28)
FN:237,(anonymous_29)
FN:245,(anonymous_30)
FN:266,(anonymous_31)
FN:270,(anonymous_32)
FN:287,(anonymous_33)
FN:291,(anonymous_34)
FN:307,(anonymous_35)
FN:323,(anonymous_36)
FN:324,(anonymous_37)
FN:339,(anonymous_38)
FN:372,(anonymous_39)
FN:374,(anonymous_40)
FN:383,(anonymous_41)
FN:410,(anonymous_42)
FN:413,(anonymous_43)
FN:428,(anonymous_44)
FN:431,(anonymous_45)
FN:459,(anonymous_46)
FNF:47
FNH:0
FNDA:0,(anonymous_0)
FNDA:0,(anonymous_1)
FNDA:0,(anonymous_2)
FNDA:0,(anonymous_3)
FNDA:0,(anonymous_4)
FNDA:0,(anonymous_5)
FNDA:0,(anonymous_6)
FNDA:0,(anonymous_7)
FNDA:0,(anonymous_8)
FNDA:0,(anonymous_9)
FNDA:0,(anonymous_10)
FNDA:0,(anonymous_11)
FNDA:0,(anonymous_12)
FNDA:0,(anonymous_13)
FNDA:0,(anonymous_14)
FNDA:0,(anonymous_15)
FNDA:0,(anonymous_16)
FNDA:0,(anonymous_17)
FNDA:0,(anonymous_18)
FNDA:0,(anonymous_19)
FNDA:0,(anonymous_20)
FNDA:0,(anonymous_21)
FNDA:0,(anonymous_22)
FNDA:0,(anonymous_23)
FNDA:0,(anonymous_24)
FNDA:0,(anonymous_25)
FNDA:0,(anonymous_26)
FNDA:0,(anonymous_27)
FNDA:0,(anonymous_28)
FNDA:0,(anonymous_29)
FNDA:0,(anonymous_30)
FNDA:0,(anonymous_31)
FNDA:0,(anonymous_32)
FNDA:0,(anonymous_33)
FNDA:0,(anonymous_34)
FNDA:0,(anonymous_35)
FNDA:0,(anonymous_36)
FNDA:0,(anonymous_37)
FNDA:0,(anonymous_38)
FNDA:0,(anonymous_39)
FNDA:0,(anonymous_40)
FNDA:0,(anonymous_41)
FNDA:0,(anonymous_42)
FNDA:0,(anonymous_43)
FNDA:0,(anonymous_44)
FNDA:0,(anonymous_45)
FNDA:0,(anonymous_46)
DA:11,0
DA:20,0
DA:21,0
DA:22,0
DA:23,0
DA:24,0
DA:25,0
DA:26,0
DA:27,0
DA:30,0
DA:31,0
DA:33,0
DA:34,0
DA:37,0
DA:38,0
DA:39,0
DA:41,0
DA:45,0
DA:46,0
DA:49,0
DA:50,0
DA:53,0
DA:54,0
DA:55,0
DA:56,0
DA:59,0
DA:60,0
DA:61,0
DA:66,0
DA:67,0
DA:70,0
DA:71,0
DA:75,0
DA:76,0
DA:77,0
DA:82,0
DA:83,0
DA:84,0
DA:88,0
DA:91,0
DA:92,0
DA:96,0
DA:97,0
DA:98,0
DA:99,0
DA:103,0
DA:104,0
DA:105,0
DA:106,0
DA:109,0
DA:110,0
DA:111,0
DA:112,0
DA:115,0
DA:116,0
DA:117,0
DA:121,0
DA:122,0
DA:123,0
DA:126,0
DA:129,0
DA:130,0
DA:132,0
DA:133,0
DA:134,0
DA:137,0
DA:139,0
DA:143,0
DA:144,0
DA:145,0
DA:146,0
DA:147,0
DA:150,0
DA:151,0
DA:152,0
DA:153,0
DA:155,0
DA:156,0
DA:159,0
DA:160,0
DA:161,0
DA:162,0
DA:163,0
DA:167,0
DA:169,0
DA:170,0
DA:173,0
DA:174,0
DA:175,0
DA:181,0
DA:182,0
DA:186,0
DA:187,0
DA:193,0
DA:196,0
DA:197,0
DA:198,0
DA:199,0
DA:203,0
DA:204,0
DA:205,0
DA:206,0
DA:208,0
DA:211,0
DA:223,0
DA:224,0
DA:226,0
DA:238,0
DA:239,0
DA:240,0
DA:242,0
DA:245,0
DA:267,0
DA:270,0
DA:287,0
DA:292,0
DA:307,0
DA:323,0
DA:324,0
DA:340,0
DA:341,0
DA:342,0
DA:343,0
DA:344,0
DA:346,0
DA:372,0
DA:374,0
DA:383,0
DA:411,0
DA:413,0
DA:429,0
DA:430,0
DA:431,0
DA:432,0
DA:435,0
DA:459,0
LF:136
LH:0
BRDA:12,0,0,0
BRDA:14,1,0,0
BRDA:15,2,0,0
BRDA:16,3,0,0
BRDA:17,4,0,0
BRDA:18,5,0,0
BRDA:39,6,0,0
BRDA:39,6,1,0
BRDA:39,7,0,0
BRDA:39,7,1,0
BRDA:39,7,2,0
BRDA:39,7,3,0
BRDA:53,8,0,0
BRDA:53,8,1,0
BRDA:59,9,0,0
BRDA:59,9,1,0
BRDA:67,10,0,0
BRDA:67,10,1,0
BRDA:75,11,0,0
BRDA:75,11,1,0
BRDA:83,12,0,0
BRDA:83,12,1,0
BRDA:84,13,0,0
BRDA:84,13,1,0
BRDA:84,13,2,0
BRDA:91,14,0,0
BRDA:91,14,1,0
BRDA:91,15,0,0
BRDA:91,15,1,0
BRDA:99,16,0,0
BRDA:99,16,1,0
BRDA:103,17,0,0
BRDA:103,17,1,0
BRDA:104,18,0,0
BRDA:104,18,1,0
BRDA:105,19,0,0
BRDA:105,19,1,0
BRDA:106,20,0,0
BRDA:106,20,1,0
BRDA:109,21,0,0
BRDA:109,21,1,0
BRDA:110,22,0,0
BRDA:110,22,1,0
BRDA:111,23,0,0
BRDA:111,23,1,0
BRDA:112,24,0,0
BRDA:112,24,1,0
BRDA:115,25,0,0
BRDA:115,25,1,0
BRDA:116,26,0,0
BRDA:116,26,1,0
BRDA:117,27,0,0
BRDA:117,27,1,0
BRDA:121,28,0,0
BRDA:121,28,1,0
BRDA:122,29,0,0
BRDA:122,29,1,0
BRDA:123,30,0,0
BRDA:123,30,1,0
BRDA:130,31,0,0
BRDA:130,31,1,0
BRDA:132,32,0,0
BRDA:132,32,1,0
BRDA:134,33,0,0
BRDA:134,33,1,0
BRDA:137,34,0,0
BRDA:137,34,1,0
BRDA:139,35,0,0
BRDA:139,35,1,0
BRDA:151,36,0,0
BRDA:151,36,1,0
BRDA:153,37,0,0
BRDA:153,37,1,0
BRDA:161,38,0,0
BRDA:161,38,1,0
BRDA:162,39,0,0
BRDA:162,39,1,0
BRDA:163,40,0,0
BRDA:163,40,1,0
BRDA:174,41,0,0
BRDA:174,41,1,0
BRDA:174,42,0,0
BRDA:174,42,1,0
BRDA:193,43,0,0
BRDA:193,43,1,0
BRDA:198,44,0,0
BRDA:198,44,1,0
BRDA:205,45,0,0
BRDA:205,45,1,0
BRDA:208,46,0,0
BRDA:208,46,1,0
BRDA:208,47,0,0
BRDA:208,47,1,0
BRDA:232,48,0,0
BRDA:232,48,1,0
BRDA:232,48,2,0
BRDA:232,48,3,0
BRDA:238,49,0,0
BRDA:238,49,1,0
BRDA:250,50,0,0
BRDA:250,50,1,0
BRDA:252,51,0,0
BRDA:252,51,1,0
BRDA:253,52,0,0
BRDA:253,52,1,0
BRDA:266,53,0,0
BRDA:266,53,1,0
BRDA:266,53,2,0
BRDA:266,53,3,0
BRDA:267,54,0,0
BRDA:267,54,1,0
BRDA:305,55,0,0
BRDA:305,55,1,0
BRDA:317,56,0,0
BRDA:317,56,1,0
BRDA:324,57,0,0
BRDA:324,57,1,0
BRDA:340,58,0,0
BRDA:340,58,1,0
BRDA:341,59,0,0
BRDA:341,59,1,0
BRDA:342,60,0,0
BRDA:342,60,1,0
BRDA:350,61,0,0
BRDA:350,61,1,0
BRDA:351,62,0,0
BRDA:351,62,1,0
BRDA:353,63,0,0
BRDA:353,63,1,0
BRDA:361,64,0,0
BRDA:361,64,1,0
BRDA:365,65,0,0
BRDA:365,65,1,0
BRDA:393,66,0,0
BRDA:393,66,1,0
BRDA:403,67,0,0
BRDA:403,67,1,0
BRDA:403,67,2,0
BRDA:424,68,0,0
BRDA:424,68,1,0
BRDA:429,69,0,0
BRDA:429,69,1,0
BRDA:430,70,0,0
BRDA:430,70,1,0
BRDA:432,71,0,0
BRDA:432,71,1,0
BRDA:439,72,0,0
BRDA:439,72,1,0
BRDA:441,73,0,0
BRDA:441,73,1,0
BRDA:443,74,0,0
BRDA:443,74,1,0
BRDA:450,75,0,0
BRDA:450,75,1,0
BRDA:455,76,0,0
BRDA:455,76,1,0
BRF:156
BRH:0
end_of_record
TN:
SF:src\components\AgencySettings.jsx
FN:24,(anonymous_0)
FN:43,(anonymous_1)
FN:44,(anonymous_2)
FN:51,(anonymous_3)
FN:59,(anonymous_4)
FN:65,(anonymous_5)
FN:179,(anonymous_6)
FN:189,(anonymous_7)
FN:196,(anonymous_8)
FN:251,(anonymous_9)
FN:258,(anonymous_10)
FN:275,(anonymous_11)
FN:339,(anonymous_12)
FN:344,(anonymous_13)
FN:369,(anonymous_14)
FN:375,(anonymous_15)
FN:387,(anonymous_16)
FN:393,(anonymous_17)
FN:405,(anonymous_18)
FN:408,(anonymous_19)
FN:429,(anonymous_20)
FN:430,(anonymous_21)
FN:442,(anonymous_22)
FN:447,(anonymous_23)
FN:459,(anonymous_24)
FN:460,(anonymous_25)
FN:479,(anonymous_26)
FN:510,(anonymous_27)
FN:529,(anonymous_28)
FN:542,(anonymous_29)
FN:555,(anonymous_30)
FN:607,(anonymous_31)
FN:639,(anonymous_32)
FN:650,(anonymous_33)
FN:662,(anonymous_34)
FN:673,(anonymous_35)
FN:738,(anonymous_36)
FN:742,(anonymous_37)
FN:746,(anonymous_38)
FN:754,(anonymous_39)
FN:789,(anonymous_40)
FN:873,(anonymous_41)
FN:881,(anonymous_42)
FN:887,(anonymous_43)
FN:908,(anonymous_44)
FN:909,(anonymous_45)
FN:926,(anonymous_46)
FN:933,(anonymous_47)
FN:953,(anonymous_48)
FN:984,(anonymous_49)
FN:992,(anonymous_50)
FN:1135,(anonymous_51)
FN:1168,(anonymous_52)
FN:1176,(anonymous_53)
FN:1201,(anonymous_54)
FN:1226,(anonymous_55)
FN:1227,(anonymous_56)
FN:1234,(anonymous_57)
FN:1236,(anonymous_58)
FN:1268,(anonymous_59)
FN:1272,(anonymous_60)
FN:1284,(anonymous_61)
FN:1292,(anonymous_62)
FN:1309,(anonymous_63)
FN:1313,(anonymous_64)
FN:1325,(anonymous_65)
FN:1333,(anonymous_66)
FN:1350,(anonymous_67)
FN:1354,(anonymous_68)
FN:1364,(anonymous_69)
FN:1407,(anonymous_70)
FN:1418,(anonymous_71)
FN:1429,(anonymous_72)
FN:1443,(anonymous_73)
FN:1474,(anonymous_74)
FN:1489,(anonymous_75)
FN:1505,(anonymous_76)
FN:1518,(anonymous_77)
FN:1535,(anonymous_78)
FN:1548,(anonymous_79)
FN:1561,(anonymous_80)
FN:1637,(anonymous_81)
FN:1677,(anonymous_82)
FN:1682,(anonymous_83)
FN:1691,(anonymous_84)
FN:1696,(anonymous_85)
FN:1706,(anonymous_86)
FN:1714,(anonymous_87)
FNF:88
FNH:0
FNDA:0,(anonymous_0)
FNDA:0,(anonymous_1)
FNDA:0,(anonymous_2)
FNDA:0,(anonymous_3)
FNDA:0,(anonymous_4)
FNDA:0,(anonymous_5)
FNDA:0,(anonymous_6)
FNDA:0,(anonymous_7)
FNDA:0,(anonymous_8)
FNDA:0,(anonymous_9)
FNDA:0,(anonymous_10)
FNDA:0,(anonymous_11)
FNDA:0,(anonymous_12)
FNDA:0,(anonymous_13)
FNDA:0,(anonymous_14)
FNDA:0,(anonymous_15)
FNDA:0,(anonymous_16)
FNDA:0,(anonymous_17)
FNDA:0,(anonymous_18)
FNDA:0,(anonymous_19)
FNDA:0,(anonymous_20)
FNDA:0,(anonymous_21)
FNDA:0,(anonymous_22)
FNDA:0,(anonymous_23)
FNDA:0,(anonymous_24)
FNDA:0,(anonymous_25)
FNDA:0,(anonymous_26)
FNDA:0,(anonymous_27)
FNDA:0,(anonymous_28)
FNDA:0,(anonymous_29)
FNDA:0,(anonymous_30)
FNDA:0,(anonymous_31)
FNDA:0,(anonymous_32)
FNDA:0,(anonymous_33)
FNDA:0,(anonymous_34)
FNDA:0,(anonymous_35)
FNDA:0,(anonymous_36)
FNDA:0,(anonymous_37)
FNDA:0,(anonymous_38)
FNDA:0,(anonymous_39)
FNDA:0,(anonymous_40)
FNDA:0,(anonymous_41)
FNDA:0,(anonymous_42)
FNDA:0,(anonymous_43)
FNDA:0,(anonymous_44)
FNDA:0,(anonymous_45)
FNDA:0,(anonymous_46)
FNDA:0,(anonymous_47)
FNDA:0,(anonymous_48)
FNDA:0,(anonymous_49)
FNDA:0,(anonymous_50)
FNDA:0,(anonymous_51)
FNDA:0,(anonymous_52)
FNDA:0,(anonymous_53)
FNDA:0,(anonymous_54)
FNDA:0,(anonymous_55)
FNDA:0,(anonymous_56)
FNDA:0,(anonymous_57)
FNDA:0,(anonymous_58)
FNDA:0,(anonymous_59)
FNDA:0,(anonymous_60)
FNDA:0,(anonymous_61)
FNDA:0,(anonymous_62)
FNDA:0,(anonymous_63)
FNDA:0,(anonymous_64)
FNDA:0,(anonymous_65)
FNDA:0,(anonymous_66)
FNDA:0,(anonymous_67)
FNDA:0,(anonymous_68)
FNDA:0,(anonymous_69)
FNDA:0,(anonymous_70)
FNDA:0,(anonymous_71)
FNDA:0,(anonymous_72)
FNDA:0,(anonymous_73)
FNDA:0,(anonymous_74)
FNDA:0,(anonymous_75)
FNDA:0,(anonymous_76)
FNDA:0,(anonymous_77)
FNDA:0,(anonymous_78)
FNDA:0,(anonymous_79)
FNDA:0,(anonymous_80)
FNDA:0,(anonymous_81)
FNDA:0,(anonymous_82)
FNDA:0,(anonymous_83)
FNDA:0,(anonymous_84)
FNDA:0,(anonymous_85)
FNDA:0,(anonymous_86)
FNDA:0,(anonymous_87)
DA:24,0
DA:25,0
DA:26,0
DA:27,0
DA:28,0
DA:29,0
DA:30,0
DA:31,0
DA:32,0
DA:33,0
DA:40,0
DA:43,0
DA:44,0
DA:51,0
DA:52,0
DA:53,0
DA:54,0
DA:55,0
DA:59,0
DA:60,0
DA:61,0
DA:65,0
DA:66,0
DA:67,0
DA:68,0
DA:69,0
DA:72,0
DA:73,0
DA:76,0
DA:79,0
DA:82,0
DA:83,0
DA:85,0
DA:86,0
DA:88,0
DA:89,0
DA:92,0
DA:93,0
DA:95,0
DA:96,0
DA:98,0
DA:99,0
DA:102,0
DA:103,0
DA:104,0
DA:106,0
DA:107,0
DA:109,0
DA:110,0
DA:112,0
DA:113,0
DA:115,0
DA:116,0
DA:119,0
DA:120,0
DA:122,0
DA:123,0
DA:125,0
DA:126,0
DA:129,0
DA:130,0
DA:132,0
DA:133,0
DA:135,0
DA:140,0
DA:142,0
DA:146,0
DA:147,0
DA:151,0
DA:154,0
DA:155,0
DA:157,0
DA:158,0
DA:162,0
DA:163,0
DA:166,0
DA:176,0
DA:179,0
DA:182,0
DA:185,0
DA:186,0
DA:189,0
DA:191,0
DA:196,0
DA:197,0
DA:198,0
DA:199,0
DA:200,0
DA:203,0
DA:204,0
DA:208,0
DA:209,0
DA:210,0
DA:214,0
DA:215,0
DA:218,0
DA:221,0
DA:222,0
DA:223,0
DA:224,0
DA:227,0
DA:228,0
DA:231,0
DA:232,0
DA:234,0
DA:235,0
DA:236,0
DA:237,0
DA:240,0
DA:243,0
DA:244,0
DA:247,0
DA:250,0
DA:251,0
DA:253,0
DA:255,0
DA:256,0
DA:257,0
DA:258,0
DA:259,0
DA:261,0
DA:265,0
DA:266,0
DA:276,0
DA:296,0
DA:306,0
DA:340,0
DA:341,0
DA:344,0
DA:369,0
DA:375,0
DA:387,0
DA:393,0
DA:405,0
DA:408,0
DA:429,0
DA:430,0
DA:442,0
DA:447,0
DA:459,0
DA:460,0
DA:479,0
DA:480,0
DA:481,0
DA:511,0
DA:513,0
DA:529,0
DA:542,0
DA:555,0
DA:566,0
DA:607,0
DA:608,0
DA:609,0
DA:639,0
DA:650,0
DA:662,0
DA:673,0
DA:683,0
DA:738,0
DA:739,0
DA:740,0
DA:742,0
DA:743,0
DA:746,0
DA:747,0
DA:748,0
DA:749,0
DA:750,0
DA:751,0
DA:754,0
DA:755,0
DA:758,0
DA:759,0
DA:789,0
DA:834,0
DA:873,0
DA:874,0
DA:875,0
DA:876,0
DA:877,0
DA:878,0
DA:881,0
DA:882,0
DA:883,0
DA:887,0
DA:888,0
DA:889,0
DA:891,0
DA:892,0
DA:893,0
DA:894,0
DA:898,0
DA:899,0
DA:900,0
DA:903,0
DA:905,0
DA:907,0
DA:908,0
DA:909,0
DA:910,0
DA:914,0
DA:915,0
DA:917,0
DA:920,0
DA:923,0
DA:925,0
DA:926,0
DA:928,0
DA:929,0
DA:931,0
DA:933,0
DA:935,0
DA:937,0
DA:940,0
DA:942,0
DA:943,0
DA:946,0
DA:950,0
DA:953,0
DA:954,0
DA:955,0
DA:957,0
DA:958,0
DA:959,0
DA:960,0
DA:964,0
DA:965,0
DA:966,0
DA:969,0
DA:971,0
DA:973,0
DA:975,0
DA:977,0
DA:981,0
DA:984,0
DA:985,0
DA:986,0
DA:987,0
DA:988,0
DA:992,0
DA:993,0
DA:994,0
DA:995,0
DA:996,0
DA:1000,0
DA:1001,0
DA:1004,0
DA:1006,0
DA:1135,0
DA:1136,0
DA:1143,0
DA:1144,0
DA:1169,0
DA:1176,0
DA:1187,0
DA:1202,0
DA:1226,0
DA:1227,0
DA:1228,0
DA:1229,0
DA:1230,0
DA:1234,0
DA:1235,0
DA:1236,0
DA:1239,0
DA:1240,0
DA:1269,0
DA:1272,0
DA:1285,0
DA:1286,0
DA:1287,0
DA:1293,0
DA:1294,0
DA:1295,0
DA:1310,0
DA:1313,0
DA:1326,0
DA:1327,0
DA:1328,0
DA:1334,0
DA:1335,0
DA:1336,0
DA:1351,0
DA:1354,0
DA:1365,0
DA:1366,0
DA:1367,0
DA:1389,0
DA:1408,0
DA:1419,0
DA:1430,0
DA:1443,0
DA:1444,0
DA:1445,0
DA:1474,0
DA:1489,0
DA:1505,0
DA:1518,0
DA:1535,0
DA:1548,0
DA:1561,0
DA:1576,0
DA:1637,0
DA:1638,0
DA:1677,0
DA:1678,0
DA:1679,0
DA:1680,0
DA:1682,0
DA:1683,0
DA:1685,0
DA:1686,0
DA:1687,0
DA:1691,0
DA:1693,0
DA:1696,0
DA:1697,0
DA:1698,0
DA:1699,0
DA:1703,0
DA:1706,0
DA:1707,0
DA:1709,0
DA:1714,0
DA:1715,0
DA:1716,0
DA:1717,0
DA:1723,0
DA:1724,0
DA:1728,0
DA:1730,0
LF:331
LH:0
BRDA:40,0,0,0
BRDA:40,0,1,0
BRDA:51,1,0,0
BRDA:72,2,0,0
BRDA:72,2,1,0
BRDA:72,3,0,0
BRDA:72,3,1,0
BRDA:79,4,0,0
BRDA:79,4,1,0
BRDA:79,4,2,0
BRDA:79,4,3,0
BRDA:79,4,4,0
BRDA:79,4,5,0
BRDA:79,4,6,0
BRDA:79,4,7,0
BRDA:82,5,0,0
BRDA:82,5,1,0
BRDA:85,6,0,0
BRDA:85,6,1,0
BRDA:92,7,0,0
BRDA:92,7,1,0
BRDA:95,8,0,0
BRDA:95,8,1,0
BRDA:98,9,0,0
BRDA:98,9,1,0
BRDA:103,10,0,0
BRDA:103,10,1,0
BRDA:119,11,0,0
BRDA:119,11,1,0
BRDA:119,12,0,0
BRDA:119,12,1,0
BRDA:122,13,0,0
BRDA:122,13,1,0
BRDA:122,14,0,0
BRDA:122,14,1,0
BRDA:125,15,0,0
BRDA:125,15,1,0
BRDA:125,16,0,0
BRDA:125,16,1,0
BRDA:132,17,0,0
BRDA:132,17,1,0
BRDA:146,18,0,0
BRDA:146,18,1,0
BRDA:154,19,0,0
BRDA:154,19,1,0
BRDA:154,20,0,0
BRDA:154,20,1,0
BRDA:157,21,0,0
BRDA:157,21,1,0
BRDA:157,22,0,0
BRDA:157,22,1,0
BRDA:166,23,0,0
BRDA:166,23,1,0
BRDA:185,24,0,0
BRDA:185,24,1,0
BRDA:203,25,0,0
BRDA:203,25,1,0
BRDA:209,26,0,0
BRDA:209,26,1,0
BRDA:214,27,0,0
BRDA:214,27,1,0
BRDA:221,28,0,0
BRDA:221,28,1,0
BRDA:231,29,0,0
BRDA:231,29,1,0
BRDA:234,30,0,0
BRDA:234,30,1,0
BRDA:243,31,0,0
BRDA:243,31,1,0
BRDA:250,32,0,0
BRDA:250,32,1,0
BRDA:256,33,0,0
BRDA:256,33,1,0
BRDA:265,34,0,0
BRDA:265,34,1,0
BRDA:317,35,0,0
BRDA:317,35,1,0
BRDA:326,36,0,0
BRDA:326,36,1,0
BRDA:346,37,0,0
BRDA:346,37,1,0
BRDA:363,38,0,0
BRDA:363,38,1,0
BRDA:381,39,0,0
BRDA:381,39,1,0
BRDA:399,40,0,0
BRDA:399,40,1,0
BRDA:414,41,0,0
BRDA:414,41,1,0
BRDA:423,42,0,0
BRDA:423,42,1,0
BRDA:429,43,0,0
BRDA:429,43,1,0
BRDA:436,44,0,0
BRDA:436,44,1,0
BRDA:443,45,0,0
BRDA:443,45,1,0
BRDA:444,46,0,0
BRDA:444,46,1,0
BRDA:445,47,0,0
BRDA:445,47,1,0
BRDA:453,48,0,0
BRDA:453,48,1,0
BRDA:459,49,0,0
BRDA:459,49,1,0
BRDA:480,50,0,0
BRDA:480,50,1,0
BRDA:499,51,0,0
BRDA:499,51,1,0
BRDA:509,52,0,0
BRDA:509,52,1,0
BRDA:513,53,0,0
BRDA:513,53,1,0
BRDA:528,54,0,0
BRDA:528,54,1,0
BRDA:541,55,0,0
BRDA:541,55,1,0
BRDA:554,56,0,0
BRDA:554,56,1,0
BRDA:608,57,0,0
BRDA:608,57,1,0
BRDA:627,58,0,0
BRDA:627,58,1,0
BRDA:638,59,0,0
BRDA:638,59,1,0
BRDA:649,60,0,0
BRDA:649,60,1,0
BRDA:661,61,0,0
BRDA:661,61,1,0
BRDA:672,62,0,0
BRDA:672,62,1,0
BRDA:758,63,0,0
BRDA:758,63,1,0
BRDA:778,64,0,0
BRDA:778,64,1,0
BRDA:788,65,0,0
BRDA:788,65,1,0
BRDA:804,66,0,0
BRDA:804,66,1,0
BRDA:822,67,0,0
BRDA:822,67,1,0
BRDA:827,68,0,0
BRDA:827,68,1,0
BRDA:854,69,0,0
BRDA:854,69,1,0
BRDA:854,69,2,0
BRDA:882,70,0,0
BRDA:882,70,1,0
BRDA:882,71,0,0
BRDA:882,71,1,0
BRDA:889,72,0,0
BRDA:889,72,1,0
BRDA:892,73,0,0
BRDA:892,73,1,0
BRDA:898,74,0,0
BRDA:898,74,1,0
BRDA:914,75,0,0
BRDA:914,75,1,0
BRDA:923,76,0,0
BRDA:923,76,1,0
BRDA:923,77,0,0
BRDA:923,77,1,0
BRDA:923,77,2,0
BRDA:928,78,0,0
BRDA:928,78,1,0
BRDA:942,79,0,0
BRDA:942,79,1,0
BRDA:942,80,0,0
BRDA:942,80,1,0
BRDA:955,81,0,0
BRDA:955,81,1,0
BRDA:958,82,0,0
BRDA:958,82,1,0
BRDA:964,83,0,0
BRDA:964,83,1,0
BRDA:987,84,0,0
BRDA:987,84,1,0
BRDA:987,85,0,0
BRDA:987,85,1,0
BRDA:995,86,0,0
BRDA:995,86,1,0
BRDA:995,87,0,0
BRDA:995,87,1,0
BRDA:1000,88,0,0
BRDA:1000,88,1,0
BRDA:1001,89,0,0
BRDA:1001,89,1,0
BRDA:1004,90,0,0
BRDA:1004,90,1,0
BRDA:1015,91,0,0
BRDA:1015,91,1,0
BRDA:1020,92,0,0
BRDA:1020,92,1,0
BRDA:1044,93,0,0
BRDA:1044,93,1,0
BRDA:1062,94,0,0
BRDA:1062,94,1,0
BRDA:1078,95,0,0
BRDA:1078,95,1,0
BRDA:1083,96,0,0
BRDA:1083,96,1,0
BRDA:1106,97,0,0
BRDA:1106,97,1,0
BRDA:1121,98,0,0
BRDA:1121,98,1,0
BRDA:1143,99,0,0
BRDA:1143,99,1,0
BRDA:1162,100,0,0
BRDA:1162,100,1,0
BRDA:1175,101,0,0
BRDA:1175,101,1,0
BRDA:1206,102,0,0
BRDA:1206,102,1,0
BRDA:1228,103,0,0
BRDA:1228,103,1,0
BRDA:1229,104,0,0
BRDA:1229,104,1,0
BRDA:1229,105,0,0
BRDA:1229,105,1,0
BRDA:1235,106,0,0
BRDA:1235,106,1,0
BRDA:1239,107,0,0
BRDA:1239,107,1,0
BRDA:1258,108,0,0
BRDA:1258,108,1,0
BRDA:1268,109,0,0
BRDA:1268,109,1,0
BRDA:1285,110,0,0
BRDA:1285,110,1,0
BRDA:1309,111,0,0
BRDA:1309,111,1,0
BRDA:1326,112,0,0
BRDA:1326,112,1,0
BRDA:1350,113,0,0
BRDA:1350,113,1,0
BRDA:1365,114,0,0
BRDA:1365,114,1,0
BRDA:1444,115,0,0
BRDA:1444,115,1,0
BRDA:1463,116,0,0
BRDA:1463,116,1,0
BRDA:1473,117,0,0
BRDA:1473,117,1,0
BRDA:1488,118,0,0
BRDA:1488,118,1,0
BRDA:1504,119,0,0
BRDA:1504,119,1,0
BRDA:1517,120,0,0
BRDA:1517,120,1,0
BRDA:1534,121,0,0
BRDA:1534,121,1,0
BRDA:1547,122,0,0
BRDA:1547,122,1,0
BRDA:1560,123,0,0
BRDA:1560,123,1,0
BRDA:1593,124,0,0
BRDA:1593,124,1,0
BRDA:1598,125,0,0
BRDA:1598,125,1,0
BRDA:1605,126,0,0
BRDA:1605,126,1,0
BRDA:1610,127,0,0
BRDA:1610,127,1,0
BRDA:1618,128,0,0
BRDA:1618,128,1,0
BRDA:1622,129,0,0
BRDA:1622,129,1,0
BRDA:1626,130,0,0
BRDA:1626,130,1,0
BRDA:1644,131,0,0
BRDA:1644,131,1,0
BRDA:1683,132,0,0
BRDA:1683,132,1,0
BRDA:1685,133,0,0
BRDA:1685,133,1,0
BRDA:1697,134,0,0
BRDA:1697,134,1,0
BRDA:1697,135,0,0
BRDA:1697,135,1,0
BRDA:1707,136,0,0
BRDA:1707,136,1,0
BRDA:1707,137,0,0
BRDA:1707,137,1,0
BRDA:1723,138,0,0
BRDA:1723,138,1,0
BRDA:1723,139,0,0
BRDA:1723,139,1,0
BRDA:1723,139,2,0
BRDA:1728,140,0,0
BRDA:1728,140,1,0
BRF:290
BRH:0
end_of_record
TN:
SF:src\components\AuditLog.jsx
FN:21,(anonymous_0)
FN:35,(anonymous_1)
FN:36,(anonymous_2)
FN:57,(anonymous_3)
FN:68,(anonymous_4)
FN:81,(anonymous_5)
FN:94,(anonymous_6)
FN:95,(anonymous_7)
FN:108,(anonymous_8)
FN:194,(anonymous_9)
FN:203,(anonymous_10)
FN:258,(anonymous_11)
FN:261,(anonymous_12)
FNF:13
FNH:0
FNDA:0,(anonymous_0)
FNDA:0,(anonymous_1)
FNDA:0,(anonymous_2)
FNDA:0,(anonymous_3)
FNDA:0,(anonymous_4)
FNDA:0,(anonymous_5)
FNDA:0,(anonymous_6)
FNDA:0,(anonymous_7)
FNDA:0,(anonymous_8)
FNDA:0,(anonymous_9)
FNDA:0,(anonymous_10)
FNDA:0,(anonymous_11)
FNDA:0,(anonymous_12)
DA:21,0
DA:22,0
DA:23,0
DA:24,0
DA:25,0
DA:31,0
DA:32,0
DA:35,0
DA:36,0
DA:37,0
DA:38,0
DA:39,0
DA:44,0
DA:45,0
DA:47,0
DA:49,0
DA:53,0
DA:57,0
DA:58,0
DA:59,0
DA:60,0
DA:62,0
DA:64,0
DA:68,0
DA:69,0
DA:77,0
DA:81,0
DA:82,0
DA:90,0
DA:94,0
DA:95,0
DA:102,0
DA:103,0
DA:109,0
DA:123,0
DA:195,0
DA:196,0
DA:197,0
DA:199,0
DA:203,0
DA:259,0
DA:261,0
LF:42
LH:0
BRDA:21,0,0,0
BRDA:21,1,0,0
BRDA:59,2,0,0
BRDA:59,2,1,0
BRDA:77,3,0,0
BRDA:77,3,1,0
BRDA:90,4,0,0
BRDA:90,4,1,0
BRDA:102,5,0,0
BRDA:102,5,1,0
BRDA:126,6,0,0
BRDA:126,6,1,0
BRDA:146,7,0,0
BRDA:146,7,1,0
BRDA:153,8,0,0
BRDA:153,8,1,0
BRDA:177,9,0,0
BRDA:177,9,1,0
BRDA:186,10,0,0
BRDA:186,10,1,0
BRDA:227,11,0,0
BRDA:227,11,1,0
BRDA:229,12,0,0
BRDA:229,12,1,0
BRDA:233,13,0,0
BRDA:233,13,1,0
BRDA:243,14,0,0
BRDA:243,14,1,0
BRDA:252,15,0,0
BRDA:252,15,1,0
BRDA:254,16,0,0
BRDA:254,16,1,0
BRDA:268,17,0,0
BRDA:268,17,1,0
BRDA:270,18,0,0
BRDA:270,18,1,0
BRDA:278,19,0,0
BRDA:278,19,1,0
BRDA:280,20,0,0
BRDA:280,20,1,0
BRDA:293,21,0,0
BRDA:293,21,1,0
BRDA:293,21,2,0
BRDA:297,22,0,0
BRDA:297,22,1,0
BRDA:300,23,0,0
BRDA:300,23,1,0
BRDA:303,24,0,0
BRDA:303,24,1,0
BRF:49
BRH:0
end_of_record
TN:
SF:src\components\CandidateShortlist.jsx
FN:26,(anonymous_0)
FN:43,(anonymous_1)
FN:44,(anonymous_2)
FN:48,(anonymous_3)
FN:59,(anonymous_4)
FN:64,(anonymous_5)
FN:65,(anonymous_6)
FN:84,(anonymous_7)
FN:119,(anonymous_8)
FN:129,(anonymous_9)
FN:130,(anonymous_10)
FN:134,(anonymous_11)
FN:141,(anonymous_12)
FN:148,(anonymous_13)
FN:153,(anonymous_14)
FN:159,(anonymous_15)
FN:182,(anonymous_16)
FN:202,(anonymous_17)
FN:214,(anonymous_18)
FN:218,(anonymous_19)
FN:229,(anonymous_20)
FN:240,(anonymous_21)
FN:264,(anonymous_22)
FN:314,(anonymous_23)
FN:375,(anonymous_24)
FN:382,(anonymous_25)
FN:432,(anonymous_26)
FN:457,(anonymous_27)
FN:469,(anonymous_28)
FN:472,(anonymous_29)
FN:492,(anonymous_30)
FNF:31
FNH:0
FNDA:0,(anonymous_0)
FNDA:0,(anonymous_1)
FNDA:0,(anonymous_2)
FNDA:0,(anonymous_3)
FNDA:0,(anonymous_4)
FNDA:0,(anonymous_5)
FNDA:0,(anonymous_6)
FNDA:0,(anonymous_7)
FNDA:0,(anonymous_8)
FNDA:0,(anonymous_9)
FNDA:0,(anonymous_10)
FNDA:0,(anonymous_11)
FNDA:0,(anonymous_12)
FNDA:0,(anonymous_13)
FNDA:0,(anonymous_14)
FNDA:0,(anonymous_15)
FNDA:0,(anonymous_16)
FNDA:0,(anonymous_17)
FNDA:0,(anonymous_18)
FNDA:0,(anonymous_19)
FNDA:0,(anonymous_20)
FNDA:0,(anonymous_21)
FNDA:0,(anonymous_22)
FNDA:0,(anonymous_23)
FNDA:0,(anonymous_24)
FNDA:0,(anonymous_25)
FNDA:0,(anonymous_26)
FNDA:0,(anonymous_27)
FNDA:0,(anonymous_28)
FNDA:0,(anonymous_29)
FNDA:0,(anonymous_30)
DA:26,0
DA:34,0
DA:35,0
DA:36,0
DA:37,0
DA:38,0
DA:39,0
DA:40,0
DA:43,0
DA:44,0
DA:46,0
DA:48,0
DA:52,0
DA:54,0
DA:58,0
DA:59,0
DA:60,0
DA:61,0
DA:64,0
DA:65,0
DA:66,0
DA:71,0
DA:75,0
DA:84,0
DA:87,0
DA:89,0
DA:90,0
DA:91,0
DA:93,0
DA:94,0
DA:95,0
DA:97,0
DA:98,0
DA:99,0
DA:101,0
DA:102,0
DA:103,0
DA:105,0
DA:106,0
DA:109,0
DA:110,0
DA:112,0
DA:116,0
DA:119,0
DA:120,0
DA:121,0
DA:122,0
DA:124,0
DA:126,0
DA:129,0
DA:130,0
DA:131,0
DA:134,0
DA:135,0
DA:136,0
DA:137,0
DA:138,0
DA:141,0
DA:142,0
DA:143,0
DA:144,0
DA:145,0
DA:148,0
DA:149,0
DA:150,0
DA:153,0
DA:154,0
DA:155,0
DA:159,0
DA:161,0
DA:164,0
DA:183,0
DA:202,0
DA:214,0
DA:219,0
DA:229,0
DA:240,0
DA:265,0
DA:266,0
DA:267,0
DA:269,0
DA:315,0
DA:316,0
DA:375,0
DA:382,0
DA:433,0
DA:434,0
DA:457,0
DA:469,0
DA:473,0
DA:493,0
DA:494,0
LF:92
LH:0
BRDA:28,0,0,0
BRDA:29,1,0,0
BRDA:32,2,0,0
BRDA:46,3,0,0
BRDA:46,3,1,0
BRDA:46,3,2,0
BRDA:46,3,3,0
BRDA:52,4,0,0
BRDA:52,4,1,0
BRDA:54,5,0,0
BRDA:54,5,1,0
BRDA:58,6,0,0
BRDA:58,6,1,0
BRDA:58,7,0,0
BRDA:58,7,1,0
BRDA:60,8,0,0
BRDA:60,8,1,0
BRDA:61,9,0,0
BRDA:61,9,1,0
BRDA:66,10,0,0
BRDA:66,10,1,0
BRDA:71,11,0,0
BRDA:71,11,1,0
BRDA:87,12,0,0
BRDA:87,12,1,0
BRDA:87,12,2,0
BRDA:87,12,3,0
BRDA:87,12,4,0
BRDA:89,13,0,0
BRDA:89,13,1,0
BRDA:90,14,0,0
BRDA:90,14,1,0
BRDA:93,15,0,0
BRDA:93,15,1,0
BRDA:94,16,0,0
BRDA:94,16,1,0
BRDA:97,17,0,0
BRDA:97,17,1,0
BRDA:98,18,0,0
BRDA:98,18,1,0
BRDA:105,19,0,0
BRDA:105,19,1,0
BRDA:106,20,0,0
BRDA:106,20,1,0
BRDA:109,21,0,0
BRDA:109,21,1,0
BRDA:110,22,0,0
BRDA:110,22,1,0
BRDA:112,23,0,0
BRDA:112,23,1,0
BRDA:121,24,0,0
BRDA:121,24,1,0
BRDA:130,25,0,0
BRDA:130,25,1,0
BRDA:135,26,0,0
BRDA:135,26,1,0
BRDA:136,27,0,0
BRDA:136,27,1,0
BRDA:137,28,0,0
BRDA:137,28,1,0
BRDA:142,29,0,0
BRDA:142,29,1,0
BRDA:143,30,0,0
BRDA:143,30,1,0
BRDA:144,31,0,0
BRDA:144,31,1,0
BRDA:154,32,0,0
BRDA:154,32,1,0
BRDA:170,33,0,0
BRDA:170,33,1,0
BRDA:177,34,0,0
BRDA:177,34,1,0
BRDA:177,34,2,0
BRDA:233,35,0,0
BRDA:233,35,1,0
BRDA:233,35,2,0
BRDA:240,36,0,0
BRDA:240,36,1,0
BRDA:243,37,0,0
BRDA:243,37,1,0
BRDA:252,38,0,0
BRDA:252,38,1,0
BRDA:257,39,0,0
BRDA:257,39,1,0
BRDA:257,40,0,0
BRDA:257,40,1,0
BRDA:290,41,0,0
BRDA:290,41,1,0
BRDA:312,42,0,0
BRDA:312,42,1,0
BRDA:312,42,2,0
BRDA:320,43,0,0
BRDA:320,43,1,0
BRDA:324,44,0,0
BRDA:324,44,1,0
BRDA:328,45,0,0
BRDA:328,45,1,0
BRDA:353,46,0,0
BRDA:353,46,1,0
BRDA:358,47,0,0
BRDA:358,47,1,0
BRDA:368,48,0,0
BRDA:368,48,1,0
BRDA:385,49,0,0
BRDA:385,49,1,0
BRDA:392,50,0,0
BRDA:392,50,1,0
BRDA:406,51,0,0
BRDA:406,51,1,0
BRDA:412,52,0,0
BRDA:412,52,1,0
BRDA:418,53,0,0
BRDA:418,53,1,0
BRDA:428,54,0,0
BRDA:428,54,1,0
BRDA:428,54,2,0
BRDA:438,55,0,0
BRDA:438,55,1,0
BRDA:442,56,0,0
BRDA:442,56,1,0
BRDA:457,57,0,0
BRDA:457,57,1,0
BRF:122
BRH:0
end_of_record
TN:
SF:src\components\CandidateSummaryS2.jsx
FN:25,(anonymous_0)
FN:41,(anonymous_1)
FN:42,(anonymous_2)
FN:48,(anonymous_3)
FN:58,(anonymous_4)
FN:64,(anonymous_5)
FN:73,(anonymous_6)
FN:73,(anonymous_7)
FN:81,(anonymous_8)
FN:82,(anonymous_9)
FN:108,(anonymous_10)
FN:344,(anonymous_11)
FN:393,(anonymous_12)
FN:395,(anonymous_13)
FN:402,(anonymous_14)
FN:413,(anonymous_15)
FN:488,(anonymous_16)
FN:490,(anonymous_17)
FN:499,(anonymous_18)
FN:504,(anonymous_19)
FN:515,(anonymous_20)
FN:519,(anonymous_21)
FNF:22
FNH:0
FNDA:0,(anonymous_0)
FNDA:0,(anonymous_1)
FNDA:0,(anonymous_2)
FNDA:0,(anonymous_3)
FNDA:0,(anonymous_4)
FNDA:0,(anonymous_5)
FNDA:0,(anonymous_6)
FNDA:0,(anonymous_7)
FNDA:0,(anonymous_8)
FNDA:0,(anonymous_9)
FNDA:0,(anonymous_10)
FNDA:0,(anonymous_11)
FNDA:0,(anonymous_12)
FNDA:0,(anonymous_13)
FNDA:0,(anonymous_14)
FNDA:0,(anonymous_15)
FNDA:0,(anonymous_16)
FNDA:0,(anonymous_17)
FNDA:0,(anonymous_18)
FNDA:0,(anonymous_19)
FNDA:0,(anonymous_20)
FNDA:0,(anonymous_21)
DA:25,0
DA:34,0
DA:35,0
DA:36,0
DA:37,0
DA:39,0
DA:41,0
DA:42,0
DA:44,0
DA:45,0
DA:48,0
DA:49,0
DA:55,0
DA:58,0
DA:60,0
DA:61,0
DA:64,0
DA:65,0
DA:66,0
DA:67,0
DA:70,0
DA:71,0
DA:73,0
DA:77,0
DA:81,0
DA:82,0
DA:84,0
DA:92,0
DA:93,0
DA:96,0
DA:97,0
DA:104,0
DA:108,0
DA:109,0
DA:110,0
DA:112,0
DA:114,0
DA:122,0
DA:123,0
DA:124,0
DA:125,0
DA:128,0
DA:129,0
DA:130,0
DA:131,0
DA:139,0
DA:140,0
DA:142,0
DA:143,0
DA:150,0
DA:155,0
DA:345,0
DA:395,0
DA:396,0
DA:397,0
DA:398,0
DA:399,0
DA:402,0
DA:403,0
DA:414,0
DA:490,0
DA:491,0
DA:492,0
DA:493,0
DA:495,0
DA:498,0
DA:499,0
DA:501,0
DA:502,0
DA:504,0
DA:512,0
DA:515,0
DA:520,0
LF:73
LH:0
BRDA:32,0,0,0
BRDA:39,1,0,0
BRDA:39,1,1,0
BRDA:39,2,0,0
BRDA:39,2,1,0
BRDA:44,3,0,0
BRDA:44,3,1,0
BRDA:70,4,0,0
BRDA:70,4,1,0
BRDA:92,5,0,0
BRDA:92,5,1,0
BRDA:112,6,0,0
BRDA:112,6,1,0
BRDA:116,7,0,0
BRDA:116,7,1,0
BRDA:122,8,0,0
BRDA:122,8,1,0
BRDA:188,9,0,0
BRDA:188,9,1,0
BRDA:198,10,0,0
BRDA:198,10,1,0
BRDA:207,11,0,0
BRDA:207,11,1,0
BRDA:221,12,0,0
BRDA:221,12,1,0
BRDA:221,12,2,0
BRDA:229,13,0,0
BRDA:229,13,1,0
BRDA:244,14,0,0
BRDA:244,14,1,0
BRDA:257,15,0,0
BRDA:257,15,1,0
BRDA:297,16,0,0
BRDA:297,16,1,0
BRDA:330,17,0,0
BRDA:330,17,1,0
BRDA:340,18,0,0
BRDA:340,18,1,0
BRDA:340,18,2,0
BRDA:381,19,0,0
BRDA:381,19,1,0
BRDA:392,20,0,0
BRDA:392,20,1,0
BRDA:392,21,0,0
BRDA:392,21,1,0
BRDA:396,22,0,0
BRDA:396,22,1,0
BRDA:397,23,0,0
BRDA:397,23,1,0
BRDA:406,24,0,0
BRDA:406,24,1,0
BRDA:408,25,0,0
BRDA:408,25,1,0
BRDA:422,26,0,0
BRDA:422,26,1,0
BRDA:425,27,0,0
BRDA:425,27,1,0
BRDA:476,28,0,0
BRDA:476,28,1,0
BRDA:492,29,0,0
BRDA:492,29,1,0
BRDA:501,30,0,0
BRDA:501,30,1,0
BRDA:508,31,0,0
BRDA:508,31,1,0
BRDA:514,32,0,0
BRDA:514,32,1,0
BRDA:532,33,0,0
BRDA:532,33,1,0
BRF:69
BRH:0
end_of_record
TN:
SF:src\components\ConfirmProvider.jsx
FN:7,(anonymous_0)
FN:15,(anonymous_1)
FN:18,(anonymous_2)
FN:19,(anonymous_3)
FN:22,(anonymous_4)
FN:26,(anonymous_5)
FN:42,(anonymous_6)
FN:51,(anonymous_7)
FNF:8
FNH:0
FNDA:0,(anonymous_0)
FNDA:0,(anonymous_1)
FNDA:0,(anonymous_2)
FNDA:0,(anonymous_3)
FNDA:0,(anonymous_4)
FNDA:0,(anonymous_5)
FNDA:0,(anonymous_6)
FNDA:0,(anonymous_7)
DA:5,1
DA:7,1
DA:8,0
DA:9,0
DA:10,0
DA:12,0
DA:15,1
DA:16,0
DA:18,0
DA:19,0
DA:20,0
DA:23,0
DA:24,0
DA:27,0
DA:28,0
DA:34,0
DA:42,1
DA:51,0
DA:52,0
DA:72,0
DA:75,0
DA:76,0
DA:78,0
LF:23
LH:4
BRDA:9,0,0,0
BRDA:9,0,1,0
BRDA:37,1,0,0
BRDA:37,1,1,0
BRDA:43,2,0,0
BRDA:44,3,0,0
BRDA:45,4,0,0
BRDA:46,5,0,0
BRDA:47,6,0,0
BRDA:72,7,0,0
BRDA:72,7,1,0
BRF:11
BRH:0
end_of_record
TN:
SF:src\components\DashboardMetrics.jsx
FN:18,(anonymous_0)
FN:30,(anonymous_1)
FN:34,(anonymous_2)
FN:59,(anonymous_3)
FN:164,(anonymous_4)
FN:207,(anonymous_5)
FNF:6
FNH:0
FNDA:0,(anonymous_0)
FNDA:0,(anonymous_1)
FNDA:0,(anonymous_2)
FNDA:0,(anonymous_3)
FNDA:0,(anonymous_4)
FNDA:0,(anonymous_5)
DA:18,0
DA:25,0
DA:26,0
DA:27,0
DA:28,0
DA:30,0
DA:31,0
DA:34,0
DA:35,0
DA:36,0
DA:37,0
DA:39,0
DA:46,0
DA:47,0
DA:49,0
DA:50,0
DA:52,0
DA:56,0
DA:57,0
DA:60,0
DA:73,0
DA:74,0
DA:93,0
DA:95,0
DA:97,0
DA:164,0
DA:165,0
DA:175,0
DA:178,0
DA:208,0
DA:209,0
DA:210,0
DA:212,0
LF:33
LH:0
BRDA:19,0,0,0
BRDA:20,1,0,0
BRDA:21,2,0,0
BRDA:22,3,0,0
BRDA:23,4,0,0
BRDA:56,5,0,0
BRDA:56,5,1,0
BRDA:73,6,0,0
BRDA:73,6,1,0
BRDA:93,7,0,0
BRDA:93,7,1,0
BRDA:104,8,0,0
BRDA:104,8,1,0
BRDA:112,9,0,0
BRDA:112,9,1,0
BRDA:120,10,0,0
BRDA:120,10,1,0
BRDA:128,11,0,0
BRDA:128,11,1,0
BRDA:136,12,0,0
BRDA:136,12,1,0
BRDA:144,13,0,0
BRDA:144,13,1,0
BRDA:175,14,0,0
BRDA:175,14,1,0
BRDA:194,15,0,0
BRDA:194,15,1,0
BRDA:283,16,0,0
BRDA:283,16,1,0
BRDA:289,17,0,0
BRDA:289,17,1,0
BRDA:295,18,0,0
BRDA:295,18,1,0
BRF:33
BRH:0
end_of_record
TN:
SF:src\components\DateDisplay.jsx
FN:11,(anonymous_0)
FN:29,(anonymous_1)
FN:93,(anonymous_2)
FN:123,(anonymous_3)
FN:154,(anonymous_4)
FNF:5
FNH:0
FNDA:0,(anonymous_0)
FNDA:0,(anonymous_1)
FNDA:0,(anonymous_2)
FNDA:0,(anonymous_3)
FNDA:0,(anonymous_4)
DA:11,0
DA:21,0
DA:22,0
DA:25,0
DA:26,0
DA:27,0
DA:29,0
DA:30,0
DA:31,0
DA:34,0
DA:36,0
DA:38,0
DA:41,0
DA:45,0
DA:46,0
DA:47,0
DA:49,0
DA:93,0
DA:99,0
DA:100,0
DA:103,0
DA:104,0
DA:105,0
DA:107,0
DA:123,0
DA:129,0
DA:130,0
DA:133,0
DA:134,0
DA:136,0
DA:154,0
DA:160,0
DA:161,0
DA:164,0
DA:165,0
DA:166,0
DA:168,0
LF:37
LH:0
BRDA:13,0,0,0
BRDA:14,1,0,0
BRDA:15,2,0,0
BRDA:16,3,0,0
BRDA:17,4,0,0
BRDA:18,5,0,0
BRDA:19,6,0,0
BRDA:21,7,0,0
BRDA:21,7,1,0
BRDA:25,8,0,0
BRDA:25,8,1,0
BRDA:30,9,0,0
BRDA:30,9,1,0
BRDA:34,10,0,0
BRDA:34,10,1,0
BRDA:34,10,2,0
BRDA:34,10,3,0
BRDA:46,11,0,0
BRDA:46,11,1,0
BRDA:47,12,0,0
BRDA:47,12,1,0
BRDA:51,13,0,0
BRDA:51,13,1,0
BRDA:53,14,0,0
BRDA:53,14,1,0
BRDA:64,15,0,0
BRDA:64,15,1,0
BRDA:66,16,0,0
BRDA:66,16,1,0
BRDA:74,17,0,0
BRDA:74,17,1,0
BRDA:74,17,2,0
BRDA:81,18,0,0
BRDA:81,18,1,0
BRDA:81,18,2,0
BRDA:95,19,0,0
BRDA:96,20,0,0
BRDA:97,21,0,0
BRDA:99,22,0,0
BRDA:99,22,1,0
BRDA:103,23,0,0
BRDA:103,23,1,0
BRDA:104,24,0,0
BRDA:104,24,1,0
BRDA:126,25,0,0
BRDA:127,26,0,0
BRDA:129,27,0,0
BRDA:129,27,1,0
BRDA:129,28,0,0
BRDA:129,28,1,0
BRDA:143,29,0,0
BRDA:143,29,1,0
BRDA:143,29,2,0
BRDA:143,29,3,0
BRDA:156,30,0,0
BRDA:157,31,0,0
BRDA:158,32,0,0
BRDA:160,33,0,0
BRDA:160,33,1,0
BRDA:164,34,0,0
BRDA:164,34,1,0
BRDA:165,35,0,0
BRDA:165,35,1,0
BRDA:166,36,0,0
BRDA:166,36,1,0
BRDA:173,37,0,0
BRDA:173,37,1,0
BRDA:173,37,2,0
BRDA:178,38,0,0
BRDA:178,38,1,0
BRDA:178,38,2,0
BRF:71
BRH:0
end_of_record
TN:
SF:src\components\DateRangePicker.jsx
FN:4,(anonymous_0)
FN:15,(anonymous_1)
FN:16,(anonymous_2)
FN:24,(anonymous_3)
FN:28,(anonymous_4)
FN:35,(anonymous_5)
FN:42,(anonymous_6)
FN:81,(anonymous_7)
FN:94,(anonymous_8)
FN:109,(anonymous_9)
FN:121,(anonymous_10)
FN:133,(anonymous_11)
FN:145,(anonymous_12)
FNF:13
FNH:0
FNDA:0,(anonymous_0)
FNDA:0,(anonymous_1)
FNDA:0,(anonymous_2)
FNDA:0,(anonymous_3)
FNDA:0,(anonymous_4)
FNDA:0,(anonymous_5)
FNDA:0,(anonymous_6)
FNDA:0,(anonymous_7)
FNDA:0,(anonymous_8)
FNDA:0,(anonymous_9)
FNDA:0,(anonymous_10)
FNDA:0,(anonymous_11)
FNDA:0,(anonymous_12)
DA:4,0
DA:11,0
DA:12,0
DA:13,0
DA:15,0
DA:16,0
DA:17,0
DA:18,0
DA:22,0
DA:23,0
DA:24,0
DA:28,0
DA:29,0
DA:30,0
DA:31,0
DA:35,0
DA:36,0
DA:37,0
DA:38,0
DA:39,0
DA:42,0
DA:43,0
DA:44,0
DA:45,0
DA:48,0
DA:50,0
DA:52,0
DA:81,0
DA:94,0
DA:110,0
DA:111,0
DA:112,0
DA:113,0
DA:114,0
DA:122,0
DA:123,0
DA:124,0
DA:125,0
DA:126,0
DA:134,0
DA:135,0
DA:136,0
DA:137,0
DA:138,0
DA:146,0
DA:147,0
DA:148,0
DA:149,0
DA:150,0
LF:49
LH:0
BRDA:9,0,0,0
BRDA:11,1,0,0
BRDA:11,1,1,0
BRDA:12,2,0,0
BRDA:12,2,1,0
BRDA:17,3,0,0
BRDA:17,3,1,0
BRDA:17,4,0,0
BRDA:17,4,1,0
BRDA:22,5,0,0
BRDA:22,5,1,0
BRDA:29,6,0,0
BRDA:29,6,1,0
BRDA:29,7,0,0
BRDA:29,7,1,0
BRDA:43,8,0,0
BRDA:43,8,1,0
BRDA:50,9,0,0
BRDA:50,9,1,0
BRDA:175,10,0,0
BRDA:175,10,1,0
BRF:21
BRH:0
end_of_record
TN:
SF:src\components\DraftListManagement.jsx
FN:25,(anonymous_0)
FN:41,(anonymous_1)
FN:42,(anonymous_2)
FN:59,(anonymous_3)
FN:65,(anonymous_4)
FN:73,(anonymous_5)
FN:90,(anonymous_6)
FN:101,(anonymous_7)
FN:105,(anonymous_8)
FN:110,(anonymous_9)
FN:115,(anonymous_10)
FN:115,(anonymous_11)
FN:123,(anonymous_12)
FN:126,(anonymous_13)
FN:126,(anonymous_14)
FN:133,(anonymous_15)
FN:145,(anonymous_16)
FN:164,(anonymous_17)
FN:165,(anonymous_18)
FN:179,(anonymous_19)
FN:179,(anonymous_20)
FN:187,(anonymous_21)
FN:190,(anonymous_22)
FN:193,(anonymous_23)
FN:201,(anonymous_24)
FN:202,(anonymous_25)
FN:209,(anonymous_26)
FN:213,(anonymous_27)
FN:213,(anonymous_28)
FN:222,(anonymous_29)
FN:225,(anonymous_30)
FN:235,(anonymous_31)
FN:244,(anonymous_32)
FN:266,(anonymous_33)
FN:270,(anonymous_34)
FN:277,(anonymous_35)
FN:277,(anonymous_36)
FN:290,(anonymous_37)
FN:305,(anonymous_38)
FN:311,(anonymous_39)
FN:312,(anonymous_40)
FN:324,(anonymous_41)
FN:383,(anonymous_42)
FN:392,(anonymous_43)
FN:403,(anonymous_44)
FN:409,(anonymous_45)
FN:461,(anonymous_46)
FN:466,(anonymous_47)
FN:467,(anonymous_48)
FN:470,(anonymous_49)
FN:512,(anonymous_50)
FN:517,(anonymous_51)
FN:518,(anonymous_52)
FN:546,(anonymous_53)
FN:558,(anonymous_54)
FN:566,(anonymous_55)
FN:573,(anonymous_56)
FN:592,(anonymous_57)
FN:607,(anonymous_58)
FN:618,(anonymous_59)
FN:629,(anonymous_60)
FN:646,(anonymous_61)
FN:667,(anonymous_62)
FN:677,(anonymous_63)
FN:695,(anonymous_64)
FN:711,(anonymous_65)
FN:718,(anonymous_66)
FN:747,(anonymous_67)
FN:756,(anonymous_68)
FN:766,(anonymous_69)
FN:776,(anonymous_70)
FN:805,(anonymous_71)
FN:820,(anonymous_72)
FN:830,(anonymous_73)
FN:846,(anonymous_74)
FN:875,(anonymous_75)
FN:890,(anonymous_76)
FN:900,(anonymous_77)
FNF:78
FNH:0
FNDA:0,(anonymous_0)
FNDA:0,(anonymous_1)
FNDA:0,(anonymous_2)
FNDA:0,(anonymous_3)
FNDA:0,(anonymous_4)
FNDA:0,(anonymous_5)
FNDA:0,(anonymous_6)
FNDA:0,(anonymous_7)
FNDA:0,(anonymous_8)
FNDA:0,(anonymous_9)
FNDA:0,(anonymous_10)
FNDA:0,(anonymous_11)
FNDA:0,(anonymous_12)
FNDA:0,(anonymous_13)
FNDA:0,(anonymous_14)
FNDA:0,(anonymous_15)
FNDA:0,(anonymous_16)
FNDA:0,(anonymous_17)
FNDA:0,(anonymous_18)
FNDA:0,(anonymous_19)
FNDA:0,(anonymous_20)
FNDA:0,(anonymous_21)
FNDA:0,(anonymous_22)
FNDA:0,(anonymous_23)
FNDA:0,(anonymous_24)
FNDA:0,(anonymous_25)
FNDA:0,(anonymous_26)
FNDA:0,(anonymous_27)
FNDA:0,(anonymous_28)
FNDA:0,(anonymous_29)
FNDA:0,(anonymous_30)
FNDA:0,(anonymous_31)
FNDA:0,(anonymous_32)
FNDA:0,(anonymous_33)
FNDA:0,(anonymous_34)
FNDA:0,(anonymous_35)
FNDA:0,(anonymous_36)
FNDA:0,(anonymous_37)
FNDA:0,(anonymous_38)
FNDA:0,(anonymous_39)
FNDA:0,(anonymous_40)
FNDA:0,(anonymous_41)
FNDA:0,(anonymous_42)
FNDA:0,(anonymous_43)
FNDA:0,(anonymous_44)
FNDA:0,(anonymous_45)
FNDA:0,(anonymous_46)
FNDA:0,(anonymous_47)
FNDA:0,(anonymous_48)
FNDA:0,(anonymous_49)
FNDA:0,(anonymous_50)
FNDA:0,(anonymous_51)
FNDA:0,(anonymous_52)
FNDA:0,(anonymous_53)
FNDA:0,(anonymous_54)
FNDA:0,(anonymous_55)
FNDA:0,(anonymous_56)
FNDA:0,(anonymous_57)
FNDA:0,(anonymous_58)
FNDA:0,(anonymous_59)
FNDA:0,(anonymous_60)
FNDA:0,(anonymous_61)
FNDA:0,(anonymous_62)
FNDA:0,(anonymous_63)
FNDA:0,(anonymous_64)
FNDA:0,(anonymous_65)
FNDA:0,(anonymous_66)
FNDA:0,(anonymous_67)
FNDA:0,(anonymous_68)
FNDA:0,(anonymous_69)
FNDA:0,(anonymous_70)
FNDA:0,(anonymous_71)
FNDA:0,(anonymous_72)
FNDA:0,(anonymous_73)
FNDA:0,(anonymous_74)
FNDA:0,(anonymous_75)
FNDA:0,(anonymous_76)
FNDA:0,(anonymous_77)
DA:25,0
DA:26,0
DA:27,0
DA:28,0
DA:29,0
DA:30,0
DA:31,0
DA:32,0
DA:33,0
DA:34,0
DA:35,0
DA:36,0
DA:37,0
DA:38,0
DA:41,0
DA:42,0
DA:43,0
DA:44,0
DA:45,0
DA:46,0
DA:47,0
DA:49,0
DA:51,0
DA:55,0
DA:59,0
DA:60,0
DA:63,0
DA:64,0
DA:65,0
DA:66,0
DA:73,0
DA:74,0
DA:76,0
DA:78,0
DA:80,0
DA:82,0
DA:86,0
DA:90,0
DA:91,0
DA:92,0
DA:93,0
DA:95,0
DA:97,0
DA:101,0
DA:102,0
DA:103,0
DA:105,0
DA:110,0
DA:111,0
DA:113,0
DA:114,0
DA:115,0
DA:116,0
DA:118,0
DA:123,0
DA:124,0
DA:125,0
DA:126,0
DA:128,0
DA:133,0
DA:134,0
DA:135,0
DA:145,0
DA:146,0
DA:147,0
DA:152,0
DA:153,0
DA:156,0
DA:157,0
DA:160,0
DA:164,0
DA:165,0
DA:166,0
DA:168,0
DA:170,0
DA:171,0
DA:172,0
DA:173,0
DA:174,0
DA:177,0
DA:178,0
DA:179,0
DA:180,0
DA:182,0
DA:187,0
DA:188,0
DA:190,0
DA:191,0
DA:193,0
DA:194,0
DA:195,0
DA:196,0
DA:200,0
DA:201,0
DA:202,0
DA:204,0
DA:205,0
DA:208,0
DA:209,0
DA:210,0
DA:212,0
DA:213,0
DA:214,0
DA:215,0
DA:217,0
DA:222,0
DA:225,0
DA:226,0
DA:227,0
DA:228,0
DA:231,0
DA:235,0
DA:236,0
DA:237,0
DA:238,0
DA:240,0
DA:244,0
DA:245,0
DA:246,0
DA:266,0
DA:267,0
DA:268,0
DA:270,0
DA:274,0
DA:277,0
DA:278,0
DA:281,0
DA:282,0
DA:283,0
DA:285,0
DA:290,0
DA:293,0
DA:301,0
DA:305,0
DA:306,0
DA:307,0
DA:311,0
DA:312,0
DA:318,0
DA:319,0
DA:325,0
DA:337,0
DA:383,0
DA:392,0
DA:403,0
DA:409,0
DA:462,0
DA:466,0
DA:467,0
DA:470,0
DA:513,0
DA:517,0
DA:518,0
DA:546,0
DA:559,0
DA:566,0
DA:574,0
DA:576,0
DA:592,0
DA:593,0
DA:595,0
DA:596,0
DA:607,0
DA:618,0
DA:629,0
DA:646,0
DA:667,0
DA:677,0
DA:695,0
DA:711,0
DA:718,0
DA:730,0
DA:747,0
DA:757,0
DA:758,0
DA:767,0
DA:768,0
DA:777,0
DA:778,0
DA:805,0
DA:820,0
DA:830,0
DA:846,0
DA:847,0
DA:875,0
DA:890,0
DA:900,0
LF:187
LH:0
BRDA:63,0,0,0
BRDA:63,0,1,0
BRDA:66,1,0,0
BRDA:66,1,1,0
BRDA:66,1,2,0
BRDA:74,2,0,0
BRDA:74,2,1,0
BRDA:74,2,2,0
BRDA:74,2,3,0
BRDA:92,3,0,0
BRDA:92,3,1,0
BRDA:102,4,0,0
BRDA:102,4,1,0
BRDA:111,5,0,0
BRDA:111,5,1,0
BRDA:146,6,0,0
BRDA:146,6,1,0
BRDA:146,7,0,0
BRDA:146,7,1,0
BRDA:146,7,2,0
BRDA:152,8,0,0
BRDA:152,8,1,0
BRDA:152,9,0,0
BRDA:152,9,1,0
BRDA:156,10,0,0
BRDA:156,10,1,0
BRDA:156,11,0,0
BRDA:156,11,1,0
BRDA:166,12,0,0
BRDA:166,12,1,0
BRDA:170,13,0,0
BRDA:170,13,1,0
BRDA:188,14,0,0
BRDA:188,14,1,0
BRDA:195,15,0,0
BRDA:195,15,1,0
BRDA:200,16,0,0
BRDA:200,16,1,0
BRDA:247,17,0,0
BRDA:247,17,1,0
BRDA:248,18,0,0
BRDA:248,18,1,0
BRDA:249,19,0,0
BRDA:249,19,1,0
BRDA:250,20,0,0
BRDA:250,20,1,0
BRDA:251,21,0,0
BRDA:251,21,1,0
BRDA:252,22,0,0
BRDA:252,22,1,0
BRDA:253,23,0,0
BRDA:253,23,1,0
BRDA:254,24,0,0
BRDA:254,24,1,0
BRDA:254,24,2,0
BRDA:255,25,0,0
BRDA:255,25,1,0
BRDA:256,26,0,0
BRDA:256,26,1,0
BRDA:257,27,0,0
BRDA:257,27,1,0
BRDA:258,28,0,0
BRDA:258,28,1,0
BRDA:259,29,0,0
BRDA:259,29,1,0
BRDA:260,30,0,0
BRDA:260,30,1,0
BRDA:261,31,0,0
BRDA:261,31,1,0
BRDA:278,32,0,0
BRDA:278,32,1,0
BRDA:294,33,0,0
BRDA:294,33,1,0
BRDA:295,34,0,0
BRDA:295,34,1,0
BRDA:296,35,0,0
BRDA:296,35,1,0
BRDA:297,36,0,0
BRDA:297,36,1,0
BRDA:297,37,0,0
BRDA:297,37,1,0
BRDA:298,38,0,0
BRDA:298,38,1,0
BRDA:318,39,0,0
BRDA:318,39,1,0
BRDA:352,40,0,0
BRDA:352,40,1,0
BRDA:404,41,0,0
BRDA:404,41,1,0
BRDA:410,42,0,0
BRDA:410,42,1,0
BRDA:420,43,0,0
BRDA:420,43,1,0
BRDA:427,44,0,0
BRDA:427,44,1,0
BRDA:434,45,0,0
BRDA:434,45,1,0
BRDA:439,46,0,0
BRDA:439,46,1,0
BRDA:446,47,0,0
BRDA:446,47,1,0
BRDA:459,48,0,0
BRDA:459,48,1,0
BRDA:493,49,0,0
BRDA:493,49,1,0
BRDA:535,50,0,0
BRDA:535,50,1,0
BRDA:571,51,0,0
BRDA:571,51,1,0
BRDA:595,52,0,0
BRDA:595,52,1,0
BRDA:731,53,0,0
BRDA:731,53,1,0
BRDA:737,54,0,0
BRDA:737,54,1,0
BRDA:752,55,0,0
BRDA:752,55,1,0
BRDA:792,56,0,0
BRDA:792,56,1,0
BRDA:793,57,0,0
BRDA:793,57,1,0
BRDA:794,58,0,0
BRDA:794,58,1,0
BRDA:848,59,0,0
BRDA:848,59,1,0
BRDA:851,60,0,0
BRDA:851,60,1,0
BRDA:860,61,0,0
BRDA:860,61,1,0
BRDA:861,62,0,0
BRDA:861,62,1,0
BRDA:861,63,0,0
BRDA:861,63,1,0
BRF:133
BRH:0
end_of_record
TN:
SF:src\components\EnhancedApplicationSearch.jsx
FN:6,(anonymous_0)
FN:24,(anonymous_1)
FN:27,(anonymous_2)
FN:52,(anonymous_3)
FN:55,(anonymous_4)
FN:62,(anonymous_5)
FN:63,(anonymous_6)
FN:64,(anonymous_7)
FN:65,(anonymous_8)
FN:68,(anonymous_9)
FN:69,(anonymous_10)
FN:85,(anonymous_11)
FN:86,(anonymous_12)
FN:99,(anonymous_13)
FN:104,(anonymous_14)
FN:110,(anonymous_15)
FN:122,(anonymous_16)
FN:123,(anonymous_17)
FN:124,(anonymous_18)
FN:125,(anonymous_19)
FN:128,(anonymous_20)
FN:129,(anonymous_21)
FN:130,(anonymous_22)
FN:131,(anonymous_23)
FN:136,(anonymous_24)
FN:141,(anonymous_25)
FN:145,(anonymous_26)
FN:154,(anonymous_27)
FN:155,(anonymous_28)
FN:164,(anonymous_29)
FN:165,(anonymous_30)
FN:176,(anonymous_31)
FN:227,(anonymous_32)
FN:241,(anonymous_33)
FN:255,(anonymous_34)
FN:270,(anonymous_35)
FNF:36
FNH:0
FNDA:0,(anonymous_0)
FNDA:0,(anonymous_1)
FNDA:0,(anonymous_2)
FNDA:0,(anonymous_3)
FNDA:0,(anonymous_4)
FNDA:0,(anonymous_5)
FNDA:0,(anonymous_6)
FNDA:0,(anonymous_7)
FNDA:0,(anonymous_8)
FNDA:0,(anonymous_9)
FNDA:0,(anonymous_10)
FNDA:0,(anonymous_11)
FNDA:0,(anonymous_12)
FNDA:0,(anonymous_13)
FNDA:0,(anonymous_14)
FNDA:0,(anonymous_15)
FNDA:0,(anonymous_16)
FNDA:0,(anonymous_17)
FNDA:0,(anonymous_18)
FNDA:0,(anonymous_19)
FNDA:0,(anonymous_20)
FNDA:0,(anonymous_21)
FNDA:0,(anonymous_22)
FNDA:0,(anonymous_23)
FNDA:0,(anonymous_24)
FNDA:0,(anonymous_25)
FNDA:0,(anonymous_26)
FNDA:0,(anonymous_27)
FNDA:0,(anonymous_28)
FNDA:0,(anonymous_29)
FNDA:0,(anonymous_30)
FNDA:0,(anonymous_31)
FNDA:0,(anonymous_32)
FNDA:0,(anonymous_33)
FNDA:0,(anonymous_34)
FNDA:0,(anonymous_35)
DA:6,0
DA:13,0
DA:14,0
DA:20,0
DA:21,0
DA:24,0
DA:25,0
DA:27,0
DA:38,0
DA:52,0
DA:53,0
DA:55,0
DA:56,0
DA:58,0
DA:59,0
DA:62,0
DA:63,0
DA:64,0
DA:66,0
DA:67,0
DA:68,0
DA:69,0
DA:85,0
DA:86,0
DA:88,0
DA:89,0
DA:90,0
DA:92,0
DA:96,0
DA:99,0
DA:100,0
DA:101,0
DA:104,0
DA:105,0
DA:106,0
DA:107,0
DA:110,0
DA:111,0
DA:112,0
DA:118,0
DA:122,0
DA:123,0
DA:124,0
DA:125,0
DA:127,0
DA:128,0
DA:129,0
DA:130,0
DA:131,0
DA:136,0
DA:137,0
DA:140,0
DA:141,0
DA:145,0
DA:146,0
DA:154,0
DA:155,0
DA:156,0
DA:164,0
DA:165,0
DA:166,0
DA:173,0
DA:176,0
DA:177,0
DA:180,0
DA:227,0
DA:241,0
DA:255,0
DA:270,0
LF:69
LH:0
BRDA:7,0,0,0
BRDA:8,1,0,0
BRDA:11,2,0,0
BRDA:25,3,0,0
BRDA:25,3,1,0
BRDA:29,4,0,0
BRDA:29,4,1,0
BRDA:30,5,0,0
BRDA:30,5,1,0
BRDA:31,6,0,0
BRDA:31,6,1,0
BRDA:32,7,0,0
BRDA:32,7,1,0
BRDA:33,8,0,0
BRDA:33,8,1,0
BRDA:34,9,0,0
BRDA:34,9,1,0
BRDA:35,10,0,0
BRDA:35,10,1,0
BRDA:53,11,0,0
BRDA:53,11,1,0
BRDA:62,12,0,0
BRDA:62,12,1,0
BRDA:63,13,0,0
BRDA:63,13,1,0
BRDA:64,14,0,0
BRDA:64,14,1,0
BRDA:66,15,0,0
BRDA:66,15,1,0
BRDA:67,16,0,0
BRDA:67,16,1,0
BRDA:125,17,0,0
BRDA:125,17,1,0
BRDA:176,18,0,0
BRDA:176,18,1,0
BRDA:177,19,0,0
BRDA:177,19,1,0
BRDA:188,20,0,0
BRDA:188,20,1,0
BRDA:193,21,0,0
BRDA:193,21,1,0
BRDA:280,22,0,0
BRDA:280,22,1,0
BRDA:282,23,0,0
BRDA:282,23,1,0
BRDA:285,24,0,0
BRDA:285,24,1,0
BRDA:287,25,0,0
BRDA:287,25,1,0
BRF:49
BRH:0
end_of_record
TN:
SF:src\components\EnhancedCalendar.jsx
FN:9,(anonymous_0)
FN:30,(anonymous_1)
FN:70,(anonymous_2)
FN:75,(anonymous_3)
FN:80,(anonymous_4)
FN:86,(anonymous_5)
FN:96,(anonymous_6)
FN:107,(anonymous_7)
FN:115,(anonymous_8)
FN:120,(anonymous_9)
FN:124,(anonymous_10)
FN:128,(anonymous_11)
FN:132,(anonymous_12)
FN:137,(anonymous_13)
FN:138,(anonymous_14)
FN:154,(anonymous_15)
FN:155,(anonymous_16)
FN:168,(anonymous_17)
FN:168,(anonymous_18)
FN:181,(anonymous_19)
FN:210,(anonymous_20)
FN:224,(anonymous_21)
FN:232,(anonymous_22)
FN:242,(anonymous_23)
FN:243,(anonymous_24)
FN:261,(anonymous_25)
FN:262,(anonymous_26)
FN:281,(anonymous_27)
FN:291,(anonymous_28)
FN:302,(anonymous_29)
FN:328,(anonymous_30)
FN:341,(anonymous_31)
FN:359,(anonymous_32)
FN:365,(anonymous_33)
FN:379,(anonymous_34)
FNF:35
FNH:0
FNDA:0,(anonymous_0)
FNDA:0,(anonymous_1)
FNDA:0,(anonymous_2)
FNDA:0,(anonymous_3)
FNDA:0,(anonymous_4)
FNDA:0,(anonymous_5)
FNDA:0,(anonymous_6)
FNDA:0,(anonymous_7)
FNDA:0,(anonymous_8)
FNDA:0,(anonymous_9)
FNDA:0,(anonymous_10)
FNDA:0,(anonymous_11)
FNDA:0,(anonymous_12)
FNDA:0,(anonymous_13)
FNDA:0,(anonymous_14)
FNDA:0,(anonymous_15)
FNDA:0,(anonymous_16)
FNDA:0,(anonymous_17)
FNDA:0,(anonymous_18)
FNDA:0,(anonymous_19)
FNDA:0,(anonymous_20)
FNDA:0,(anonymous_21)
FNDA:0,(anonymous_22)
FNDA:0,(anonymous_23)
FNDA:0,(anonymous_24)
FNDA:0,(anonymous_25)
FNDA:0,(anonymous_26)
FNDA:0,(anonymous_27)
FNDA:0,(anonymous_28)
FNDA:0,(anonymous_29)
FNDA:0,(anonymous_30)
FNDA:0,(anonymous_31)
FNDA:0,(anonymous_32)
FNDA:0,(anonymous_33)
FNDA:0,(anonymous_34)
DA:9,0
DA:22,0
DA:23,0
DA:24,0
DA:25,0
DA:26,0
DA:27,0
DA:30,0
DA:70,0
DA:71,0
DA:74,0
DA:75,0
DA:79,0
DA:80,0
DA:84,0
DA:85,0
DA:86,0
DA:87,0
DA:88,0
DA:94,0
DA:95,0
DA:96,0
DA:97,0
DA:103,0
DA:107,0
DA:108,0
DA:109,0
DA:110,0
DA:115,0
DA:116,0
DA:117,0
DA:120,0
DA:121,0
DA:124,0
DA:125,0
DA:128,0
DA:129,0
DA:132,0
DA:133,0
DA:137,0
DA:138,0
DA:154,0
DA:155,0
DA:166,0
DA:168,0
DA:171,0
DA:172,0
DA:173,0
DA:174,0
DA:175,0
DA:176,0
DA:177,0
DA:181,0
DA:182,0
DA:183,0
DA:185,0
DA:210,0
DA:211,0
DA:213,0
DA:214,0
DA:216,0
DA:224,0
DA:225,0
DA:232,0
DA:243,0
DA:244,0
DA:262,0
DA:263,0
DA:281,0
DA:291,0
DA:302,0
DA:311,0
DA:328,0
DA:341,0
DA:359,0
DA:365,0
DA:379,0
LF:77
LH:0
BRDA:10,0,0,0
BRDA:15,1,0,0
BRDA:16,2,0,0
BRDA:17,3,0,0
BRDA:18,4,0,0
BRDA:20,5,0,0
BRDA:32,6,0,0
BRDA:32,6,1,0
BRDA:33,7,0,0
BRDA:33,7,1,0
BRDA:74,8,0,0
BRDA:74,8,1,0
BRDA:74,9,0,0
BRDA:74,9,1,0
BRDA:79,10,0,0
BRDA:79,10,1,0
BRDA:79,11,0,0
BRDA:79,11,1,0
BRDA:84,12,0,0
BRDA:84,12,1,0
BRDA:88,13,0,0
BRDA:88,13,1,0
BRDA:88,13,2,0
BRDA:88,13,3,0
BRDA:94,14,0,0
BRDA:94,14,1,0
BRDA:97,15,0,0
BRDA:97,15,1,0
BRDA:97,15,2,0
BRDA:108,16,0,0
BRDA:108,16,1,0
BRDA:140,17,0,0
BRDA:140,17,1,0
BRDA:141,18,0,0
BRDA:141,18,1,0
BRDA:141,19,0,0
BRDA:141,19,1,0
BRDA:158,20,0,0
BRDA:158,20,1,0
BRDA:163,21,0,0
BRDA:163,21,1,0
BRDA:168,22,0,0
BRDA:168,22,1,0
BRDA:191,23,0,0
BRDA:191,23,1,0
BRDA:197,24,0,0
BRDA:197,24,1,0
BRDA:200,25,0,0
BRDA:200,25,1,0
BRDA:211,26,0,0
BRDA:211,26,1,0
BRDA:214,27,0,0
BRDA:214,27,1,0
BRDA:231,28,0,0
BRDA:231,28,1,0
BRDA:241,29,0,0
BRDA:241,29,1,0
BRDA:260,30,0,0
BRDA:260,30,1,0
BRDA:280,31,0,0
BRDA:280,31,1,0
BRDA:290,32,0,0
BRDA:290,32,1,0
BRDA:317,33,0,0
BRDA:317,33,1,0
BRDA:317,33,2,0
BRDA:329,34,0,0
BRDA:329,34,1,0
BRDA:350,35,0,0
BRDA:350,35,1,0
BRF:70
BRH:0
end_of_record
TN:
SF:src\components\EnhancedInterviewScheduling.jsx
FN:6,(anonymous_0)
FN:35,(anonymous_1)
FN:40,(anonymous_2)
FN:49,(anonymous_3)
FN:54,(anonymous_4)
FN:63,(anonymous_5)
FN:64,(anonymous_6)
FN:65,(anonymous_7)
FN:73,(anonymous_8)
FN:107,(anonymous_9)
FN:110,(anonymous_10)
FN:113,(anonymous_11)
FN:124,(anonymous_12)
FN:128,(anonymous_13)
FN:141,(anonymous_14)
FN:156,(anonymous_15)
FN:162,(anonymous_16)
FN:165,(anonymous_17)
FN:177,(anonymous_18)
FN:187,(anonymous_19)
FN:194,(anonymous_20)
FN:195,(anonymous_21)
FN:239,(anonymous_22)
FN:246,(anonymous_23)
FN:250,(anonymous_24)
FN:268,(anonymous_25)
FN:299,(anonymous_26)
FN:314,(anonymous_27)
FN:335,(anonymous_28)
FN:348,(anonymous_29)
FN:361,(anonymous_30)
FN:374,(anonymous_31)
FN:394,(anonymous_32)
FN:409,(anonymous_33)
FN:435,(anonymous_34)
FN:448,(anonymous_35)
FN:471,(anonymous_36)
FN:481,(anonymous_37)
FN:489,(anonymous_38)
FN:504,(anonymous_39)
FN:513,(anonymous_40)
FN:526,(anonymous_41)
FN:547,(anonymous_42)
FN:552,(anonymous_43)
FN:552,(anonymous_44)
FN:552,(anonymous_45)
FN:562,(anonymous_46)
FN:573,(anonymous_47)
FN:583,(anonymous_48)
FN:598,(anonymous_49)
FN:598,(anonymous_50)
FN:618,(anonymous_51)
FN:618,(anonymous_52)
FN:630,(anonymous_53)
FN:630,(anonymous_54)
FN:639,(anonymous_55)
FN:639,(anonymous_56)
FN:655,(anonymous_57)
FN:661,(anonymous_58)
FN:693,(anonymous_59)
FN:752,(anonymous_60)
FN:767,(anonymous_61)
FN:782,(anonymous_62)
FNF:63
FNH:0
FNDA:0,(anonymous_0)
FNDA:0,(anonymous_1)
FNDA:0,(anonymous_2)
FNDA:0,(anonymous_3)
FNDA:0,(anonymous_4)
FNDA:0,(anonymous_5)
FNDA:0,(anonymous_6)
FNDA:0,(anonymous_7)
FNDA:0,(anonymous_8)
FNDA:0,(anonymous_9)
FNDA:0,(anonymous_10)
FNDA:0,(anonymous_11)
FNDA:0,(anonymous_12)
FNDA:0,(anonymous_13)
FNDA:0,(anonymous_14)
FNDA:0,(anonymous_15)
FNDA:0,(anonymous_16)
FNDA:0,(anonymous_17)
FNDA:0,(anonymous_18)
FNDA:0,(anonymous_19)
FNDA:0,(anonymous_20)
FNDA:0,(anonymous_21)
FNDA:0,(anonymous_22)
FNDA:0,(anonymous_23)
FNDA:0,(anonymous_24)
FNDA:0,(anonymous_25)
FNDA:0,(anonymous_26)
FNDA:0,(anonymous_27)
FNDA:0,(anonymous_28)
FNDA:0,(anonymous_29)
FNDA:0,(anonymous_30)
FNDA:0,(anonymous_31)
FNDA:0,(anonymous_32)
FNDA:0,(anonymous_33)
FNDA:0,(anonymous_34)
FNDA:0,(anonymous_35)
FNDA:0,(anonymous_36)
FNDA:0,(anonymous_37)
FNDA:0,(anonymous_38)
FNDA:0,(anonymous_39)
FNDA:0,(anonymous_40)
FNDA:0,(anonymous_41)
FNDA:0,(anonymous_42)
FNDA:0,(anonymous_43)
FNDA:0,(anonymous_44)
FNDA:0,(anonymous_45)
FNDA:0,(anonymous_46)
FNDA:0,(anonymous_47)
FNDA:0,(anonymous_48)
FNDA:0,(anonymous_49)
FNDA:0,(anonymous_50)
FNDA:0,(anonymous_51)
FNDA:0,(anonymous_52)
FNDA:0,(anonymous_53)
FNDA:0,(anonymous_54)
FNDA:0,(anonymous_55)
FNDA:0,(anonymous_56)
FNDA:0,(anonymous_57)
FNDA:0,(anonymous_58)
FNDA:0,(anonymous_59)
FNDA:0,(anonymous_60)
FNDA:0,(anonymous_61)
FNDA:0,(anonymous_62)
DA:6,0
DA:7,0
DA:8,0
DA:9,0
DA:17,0
DA:18,0
DA:23,0
DA:30,0
DA:31,0
DA:32,0
DA:33,0
DA:35,0
DA:36,0
DA:37,0
DA:40,0
DA:41,0
DA:42,0
DA:43,0
DA:45,0
DA:49,0
DA:50,0
DA:51,0
DA:52,0
DA:53,0
DA:54,0
DA:55,0
DA:57,0
DA:59,0
DA:63,0
DA:64,0
DA:65,0
DA:66,0
DA:73,0
DA:74,0
DA:75,0
DA:76,0
DA:78,0
DA:79,0
DA:80,0
DA:82,0
DA:83,0
DA:88,0
DA:89,0
DA:90,0
DA:94,0
DA:97,0
DA:98,0
DA:101,0
DA:104,0
DA:107,0
DA:109,0
DA:110,0
DA:113,0
DA:121,0
DA:124,0
DA:125,0
DA:126,0
DA:128,0
DA:129,0
DA:131,0
DA:132,0
DA:135,0
DA:138,0
DA:141,0
DA:142,0
DA:143,0
DA:144,0
DA:146,0
DA:148,0
DA:151,0
DA:152,0
DA:156,0
DA:157,0
DA:159,0
DA:160,0
DA:162,0
DA:163,0
DA:164,0
DA:165,0
DA:166,0
DA:174,0
DA:177,0
DA:178,0
DA:179,0
DA:182,0
DA:183,0
DA:187,0
DA:188,0
DA:190,0
DA:191,0
DA:192,0
DA:194,0
DA:195,0
DA:196,0
DA:198,0
DA:210,0
DA:213,0
DA:214,0
DA:222,0
DA:225,0
DA:228,0
DA:229,0
DA:233,0
DA:235,0
DA:239,0
DA:240,0
DA:247,0
DA:251,0
DA:268,0
DA:269,0
DA:276,0
DA:277,0
DA:284,0
DA:300,0
DA:301,0
DA:314,0
DA:335,0
DA:348,0
DA:361,0
DA:374,0
DA:395,0
DA:409,0
DA:436,0
DA:448,0
DA:471,0
DA:481,0
DA:489,0
DA:504,0
DA:513,0
DA:526,0
DA:548,0
DA:552,0
DA:563,0
DA:564,0
DA:565,0
DA:574,0
DA:575,0
DA:576,0
DA:584,0
DA:585,0
DA:586,0
DA:598,0
DA:618,0
DA:630,0
DA:639,0
DA:656,0
DA:662,0
DA:694,0
DA:753,0
DA:755,0
DA:768,0
DA:770,0
DA:784,0
LF:153
LH:0
BRDA:55,0,0,0
BRDA:55,0,1,0
BRDA:66,1,0,0
BRDA:66,1,1,0
BRDA:75,2,0,0
BRDA:75,2,1,0
BRDA:82,3,0,0
BRDA:82,3,1,0
BRDA:88,4,0,0
BRDA:88,4,1,0
BRDA:97,5,0,0
BRDA:97,5,1,0
BRDA:110,6,0,0
BRDA:110,6,1,0
BRDA:110,7,0,0
BRDA:110,7,1,0
BRDA:129,8,0,0
BRDA:129,8,1,0
BRDA:132,9,0,0
BRDA:132,9,1,0
BRDA:135,10,0,0
BRDA:135,10,1,0
BRDA:143,11,0,0
BRDA:143,11,1,0
BRDA:151,12,0,0
BRDA:151,12,1,0
BRDA:151,13,0,0
BRDA:151,13,1,0
BRDA:157,14,0,0
BRDA:157,14,1,0
BRDA:157,15,0,0
BRDA:157,15,1,0
BRDA:164,16,0,0
BRDA:164,16,1,0
BRDA:168,17,0,0
BRDA:168,17,1,0
BRDA:182,18,0,0
BRDA:182,18,1,0
BRDA:182,19,0,0
BRDA:182,19,1,0
BRDA:182,19,2,0
BRDA:188,20,0,0
BRDA:188,20,1,0
BRDA:188,21,0,0
BRDA:188,21,1,0
BRDA:196,22,0,0
BRDA:196,22,1,0
BRDA:228,23,0,0
BRDA:228,23,1,0
BRDA:253,24,0,0
BRDA:253,24,1,0
BRDA:276,25,0,0
BRDA:276,25,1,0
BRDA:305,26,0,0
BRDA:305,26,1,0
BRDA:312,27,0,0
BRDA:312,27,1,0
BRDA:337,28,0,0
BRDA:337,28,1,0
BRDA:350,29,0,0
BRDA:350,29,1,0
BRDA:363,30,0,0
BRDA:363,30,1,0
BRDA:376,31,0,0
BRDA:376,31,1,0
BRDA:398,32,0,0
BRDA:398,32,1,0
BRDA:405,33,0,0
BRDA:405,33,1,0
BRDA:405,33,2,0
BRDA:423,34,0,0
BRDA:423,34,1,0
BRDA:440,35,0,0
BRDA:440,35,1,0
BRDA:447,36,0,0
BRDA:447,36,1,0
BRDA:448,37,0,0
BRDA:448,37,1,0
BRDA:462,38,0,0
BRDA:462,38,1,0
BRDA:462,38,2,0
BRDA:537,39,0,0
BRDA:537,39,1,0
BRDA:609,40,0,0
BRDA:609,40,1,0
BRDA:676,41,0,0
BRDA:676,41,1,0
BRDA:711,42,0,0
BRDA:711,42,1,0
BRDA:742,43,0,0
BRDA:742,43,1,0
BRDA:745,44,0,0
BRDA:745,44,1,0
BRDA:745,44,2,0
BRDA:745,44,3,0
BRDA:745,44,4,0
BRDA:745,44,5,0
BRDA:745,44,6,0
BRDA:750,45,0,0
BRDA:750,45,1,0
BRDA:761,46,0,0
BRDA:761,46,1,0
BRDA:765,47,0,0
BRDA:765,47,1,0
BRDA:776,48,0,0
BRDA:776,48,1,0
BRDA:780,49,0,0
BRDA:780,49,1,0
BRDA:786,50,0,0
BRDA:786,50,1,0
BRDA:790,51,0,0
BRDA:790,51,1,0
BRDA:790,52,0,0
BRDA:790,52,1,0
BRDA:794,53,0,0
BRDA:794,53,1,0
BRDA:797,54,0,0
BRDA:797,54,1,0
BRDA:797,54,2,0
BRDA:797,54,3,0
BRDA:801,55,0,0
BRDA:801,55,1,0
BRDA:801,56,0,0
BRDA:801,56,1,0
BRF:124
BRH:0
end_of_record
TN:
SF:src\components\ErrorBoundary.jsx
FN:6,(anonymous_0)
FN:11,(anonymous_1)
FN:15,(anonymous_2)
FN:27,(anonymous_3)
FN:31,(anonymous_4)
FN:59,(anonymous_5)
FNF:6
FNH:0
FNDA:0,(anonymous_0)
FNDA:0,(anonymous_1)
FNDA:0,(anonymous_2)
FNDA:0,(anonymous_3)
FNDA:0,(anonymous_4)
FNDA:0,(anonymous_5)
DA:7,0
DA:8,0
DA:12,0
DA:16,0
DA:22,0
DA:23,0
DA:27,0
DA:28,0
DA:32,0
DA:33,0
DA:59,0
DA:84,0
LF:12
LH:0
BRDA:22,0,0,0
BRDA:22,0,1,0
BRDA:32,1,0,0
BRDA:32,1,1,0
BRDA:67,2,0,0
BRDA:67,2,1,0
BRDA:67,2,2,0
BRF:7
BRH:0
end_of_record
TN:
SF:src\components\InteractiveDashboard.jsx
FN:17,(anonymous_0)
FN:27,(anonymous_1)
FN:53,(anonymous_2)
FN:96,(anonymous_3)
FN:138,(anonymous_4)
FN:202,(anonymous_5)
FN:210,(anonymous_6)
FN:239,(anonymous_7)
FNF:8
FNH:0
FNDA:0,(anonymous_0)
FNDA:0,(anonymous_1)
FNDA:0,(anonymous_2)
FNDA:0,(anonymous_3)
FNDA:0,(anonymous_4)
FNDA:0,(anonymous_5)
FNDA:0,(anonymous_6)
FNDA:0,(anonymous_7)
DA:17,0
DA:23,0
DA:24,0
DA:25,0
DA:27,0
DA:28,0
DA:29,0
DA:30,0
DA:32,0
DA:37,0
DA:53,0
DA:54,0
DA:62,0
DA:96,0
DA:97,0
DA:117,0
DA:118,0
DA:125,0
DA:138,0
DA:202,0
DA:210,0
DA:240,0
LF:22
LH:0
BRDA:18,0,0,0
BRDA:19,1,0,0
BRDA:21,2,0,0
BRDA:39,3,0,0
BRDA:39,3,1,0
BRDA:40,4,0,0
BRDA:40,4,1,0
BRDA:41,5,0,0
BRDA:41,5,1,0
BRDA:42,6,0,0
BRDA:42,6,1,0
BRDA:45,7,0,0
BRDA:45,7,1,0
BRDA:46,8,0,0
BRDA:46,8,1,0
BRDA:47,9,0,0
BRDA:47,9,1,0
BRDA:48,10,0,0
BRDA:48,10,1,0
BRDA:50,11,0,0
BRDA:50,11,1,0
BRDA:53,12,0,0
BRDA:68,13,0,0
BRDA:68,13,1,0
BRDA:70,14,0,0
BRDA:70,14,1,0
BRDA:72,15,0,0
BRDA:72,15,1,0
BRDA:74,16,0,0
BRDA:74,16,1,0
BRDA:80,17,0,0
BRDA:80,17,1,0
BRDA:80,18,0,0
BRDA:80,18,1,0
BRDA:82,19,0,0
BRDA:82,19,1,0
BRDA:99,20,0,0
BRDA:99,20,1,0
BRDA:100,21,0,0
BRDA:100,21,1,0
BRDA:101,22,0,0
BRDA:101,22,1,0
BRDA:104,23,0,0
BRDA:104,23,1,0
BRDA:105,24,0,0
BRDA:105,24,1,0
BRDA:106,25,0,0
BRDA:106,25,1,0
BRDA:107,26,0,0
BRDA:107,26,1,0
BRDA:117,27,0,0
BRDA:117,27,1,0
BRDA:200,28,0,0
BRDA:200,28,1,0
BRDA:208,29,0,0
BRDA:208,29,1,0
BRDA:238,30,0,0
BRDA:238,30,1,0
BRF:58
BRH:0
end_of_record
TN:
SF:src\components\InterviewCalendarView.jsx
FN:33,(anonymous_0)
FN:37,(anonymous_1)
FN:45,(anonymous_2)
FN:56,(anonymous_3)
FN:57,(anonymous_4)
FN:59,(anonymous_5)
FN:64,(anonymous_6)
FN:84,(anonymous_7)
FN:94,(anonymous_8)
FN:120,(anonymous_9)
FN:134,(anonymous_10)
FN:142,(anonymous_11)
FN:151,(anonymous_12)
FN:182,(anonymous_13)
FN:186,(anonymous_14)
FN:237,(anonymous_15)
FN:360,(anonymous_16)
FNF:17
FNH:0
FNDA:0,(anonymous_0)
FNDA:0,(anonymous_1)
FNDA:0,(anonymous_2)
FNDA:0,(anonymous_3)
FNDA:0,(anonymous_4)
FNDA:0,(anonymous_5)
FNDA:0,(anonymous_6)
FNDA:0,(anonymous_7)
FNDA:0,(anonymous_8)
FNDA:0,(anonymous_9)
FNDA:0,(anonymous_10)
FNDA:0,(anonymous_11)
FNDA:0,(anonymous_12)
FNDA:0,(anonymous_13)
FNDA:0,(anonymous_14)
FNDA:0,(anonymous_15)
FNDA:0,(anonymous_16)
DA:33,0
DA:34,0
DA:35,0
DA:37,0
DA:38,0
DA:39,0
DA:41,0
DA:45,0
DA:46,0
DA:47,0
DA:49,0
DA:56,0
DA:57,0
DA:58,0
DA:60,0
DA:64,0
DA:65,0
DA:66,0
DA:68,0
DA:70,0
DA:72,0
DA:74,0
DA:75,0
DA:76,0
DA:78,0
DA:80,0
DA:84,0
DA:85,0
DA:86,0
DA:88,0
DA:89,0
DA:91,0
DA:94,0
DA:95,0
DA:96,0
DA:98,0
DA:100,0
DA:102,0
DA:103,0
DA:104,0
DA:106,0
DA:108,0
DA:112,0
DA:114,0
DA:120,0
DA:134,0
DA:142,0
DA:152,0
DA:153,0
DA:155,0
DA:183,0
DA:187,0
DA:188,0
DA:238,0
DA:239,0
DA:361,0
DA:362,0
LF:57
LH:0
BRDA:38,0,0,0
BRDA:38,0,1,0
BRDA:39,1,0,0
BRDA:39,1,1,0
BRDA:41,2,0,0
BRDA:41,2,1,0
BRDA:46,3,0,0
BRDA:46,3,1,0
BRDA:66,4,0,0
BRDA:66,4,1,0
BRDA:68,5,0,0
BRDA:68,5,1,0
BRDA:70,6,0,0
BRDA:70,6,1,0
BRDA:70,6,2,0
BRDA:70,6,3,0
BRDA:74,7,0,0
BRDA:74,7,1,0
BRDA:75,8,0,0
BRDA:75,8,1,0
BRDA:85,9,0,0
BRDA:85,9,1,0
BRDA:85,10,0,0
BRDA:85,10,1,0
BRDA:85,10,2,0
BRDA:88,11,0,0
BRDA:88,11,1,0
BRDA:88,12,0,0
BRDA:88,12,1,0
BRDA:96,13,0,0
BRDA:96,13,1,0
BRDA:98,14,0,0
BRDA:98,14,1,0
BRDA:100,15,0,0
BRDA:100,15,1,0
BRDA:100,15,2,0
BRDA:102,16,0,0
BRDA:102,16,1,0
BRDA:103,17,0,0
BRDA:103,17,1,0
BRDA:127,18,0,0
BRDA:127,18,1,0
BRDA:150,19,0,0
BRDA:150,19,1,0
BRDA:159,20,0,0
BRDA:159,20,1,0
BRDA:165,21,0,0
BRDA:165,21,1,0
BRDA:166,22,0,0
BRDA:166,22,1,0
BRDA:168,23,0,0
BRDA:168,23,1,0
BRDA:172,24,0,0
BRDA:172,24,1,0
BRDA:181,25,0,0
BRDA:181,25,1,0
BRDA:199,26,0,0
BRDA:199,26,1,0
BRDA:204,27,0,0
BRDA:204,27,1,0
BRDA:209,28,0,0
BRDA:209,28,1,0
BRDA:214,29,0,0
BRDA:214,29,1,0
BRDA:231,30,0,0
BRDA:231,30,1,0
BRDA:231,30,2,0
BRDA:254,31,0,0
BRDA:254,31,1,0
BRDA:254,32,0,0
BRDA:254,32,1,0
BRDA:260,33,0,0
BRDA:260,33,1,0
BRDA:275,34,0,0
BRDA:275,34,1,0
BRDA:277,35,0,0
BRDA:277,35,1,0
BRDA:297,36,0,0
BRDA:297,36,1,0
BRDA:302,37,0,0
BRDA:302,37,1,0
BRDA:314,38,0,0
BRDA:314,38,1,0
BRDA:320,39,0,0
BRDA:320,39,1,0
BRDA:333,40,0,0
BRDA:333,40,1,0
BRDA:346,41,0,0
BRDA:346,41,1,0
BRDA:347,42,0,0
BRDA:347,42,1,0
BRDA:350,43,0,0
BRDA:350,43,1,0
BRF:93
BRH:0
end_of_record
TN:
SF:src\components\InterviewScheduling.jsx
FN:21,(anonymous_0)
FN:50,(anonymous_1)
FN:60,(anonymous_2)
FN:61,(anonymous_3)
FN:61,(anonymous_4)
FN:66,(anonymous_5)
FN:68,(anonymous_6)
FN:78,(anonymous_7)
FN:78,(anonymous_8)
FN:87,(anonymous_9)
FN:95,(anonymous_10)
FN:106,(anonymous_11)
FN:106,(anonymous_12)
FN:120,(anonymous_13)
FN:145,(anonymous_14)
FN:145,(anonymous_15)
FN:160,(anonymous_16)
FN:162,(anonymous_17)
FN:169,(anonymous_18)
FN:170,(anonymous_19)
FN:170,(anonymous_20)
FN:175,(anonymous_21)
FN:186,(anonymous_22)
FN:194,(anonymous_23)
FN:202,(anonymous_24)
FN:222,(anonymous_25)
FN:232,(anonymous_26)
FN:242,(anonymous_27)
FN:259,(anonymous_28)
FN:259,(anonymous_29)
FN:273,(anonymous_30)
FN:273,(anonymous_31)
FN:287,(anonymous_32)
FN:287,(anonymous_33)
FN:301,(anonymous_34)
FN:301,(anonymous_35)
FN:315,(anonymous_36)
FN:320,(anonymous_37)
FN:320,(anonymous_38)
FN:320,(anonymous_39)
FN:328,(anonymous_40)
FN:384,(anonymous_41)
FN:388,(anonymous_42)
FN:398,(anonymous_43)
FN:406,(anonymous_44)
FN:421,(anonymous_45)
FN:433,(anonymous_46)
FN:447,(anonymous_47)
FN:447,(anonymous_48)
FN:451,(anonymous_49)
FN:474,(anonymous_50)
FN:482,(anonymous_51)
FNF:52
FNH:0
FNDA:0,(anonymous_0)
FNDA:0,(anonymous_1)
FNDA:0,(anonymous_2)
FNDA:0,(anonymous_3)
FNDA:0,(anonymous_4)
FNDA:0,(anonymous_5)
FNDA:0,(anonymous_6)
FNDA:0,(anonymous_7)
FNDA:0,(anonymous_8)
FNDA:0,(anonymous_9)
FNDA:0,(anonymous_10)
FNDA:0,(anonymous_11)
FNDA:0,(anonymous_12)
FNDA:0,(anonymous_13)
FNDA:0,(anonymous_14)
FNDA:0,(anonymous_15)
FNDA:0,(anonymous_16)
FNDA:0,(anonymous_17)
FNDA:0,(anonymous_18)
FNDA:0,(anonymous_19)
FNDA:0,(anonymous_20)
FNDA:0,(anonymous_21)
FNDA:0,(anonymous_22)
FNDA:0,(anonymous_23)
FNDA:0,(anonymous_24)
FNDA:0,(anonymous_25)
FNDA:0,(anonymous_26)
FNDA:0,(anonymous_27)
FNDA:0,(anonymous_28)
FNDA:0,(anonymous_29)
FNDA:0,(anonymous_30)
FNDA:0,(anonymous_31)
FNDA:0,(anonymous_32)
FNDA:0,(anonymous_33)
FNDA:0,(anonymous_34)
FNDA:0,(anonymous_35)
FNDA:0,(anonymous_36)
FNDA:0,(anonymous_37)
FNDA:0,(anonymous_38)
FNDA:0,(anonymous_39)
FNDA:0,(anonymous_40)
FNDA:0,(anonymous_41)
FNDA:0,(anonymous_42)
FNDA:0,(anonymous_43)
FNDA:0,(anonymous_44)
FNDA:0,(anonymous_45)
FNDA:0,(anonymous_46)
FNDA:0,(anonymous_47)
FNDA:0,(anonymous_48)
FNDA:0,(anonymous_49)
FNDA:0,(anonymous_50)
FNDA:0,(anonymous_51)
DA:21,0
DA:22,0
DA:23,0
DA:24,0
DA:25,0
DA:26,0
DA:35,0
DA:39,0
DA:47,0
DA:48,0
DA:50,0
DA:51,0
DA:52,0
DA:53,0
DA:55,0
DA:57,0
DA:60,0
DA:61,0
DA:62,0
DA:66,0
DA:67,0
DA:68,0
DA:69,0
DA:78,0
DA:81,0
DA:83,0
DA:87,0
DA:88,0
DA:90,0
DA:91,0
DA:92,0
DA:93,0
DA:95,0
DA:96,0
DA:97,0
DA:106,0
DA:108,0
DA:112,0
DA:113,0
DA:114,0
DA:116,0
DA:120,0
DA:123,0
DA:124,0
DA:126,0
DA:127,0
DA:128,0
DA:130,0
DA:131,0
DA:133,0
DA:134,0
DA:136,0
DA:145,0
DA:147,0
DA:151,0
DA:152,0
DA:153,0
DA:154,0
DA:156,0
DA:160,0
DA:161,0
DA:162,0
DA:163,0
DA:164,0
DA:166,0
DA:169,0
DA:170,0
DA:171,0
DA:175,0
DA:176,0
DA:177,0
DA:180,0
DA:187,0
DA:194,0
DA:203,0
DA:204,0
DA:222,0
DA:232,0
DA:242,0
DA:259,0
DA:273,0
DA:287,0
DA:301,0
DA:316,0
DA:320,0
DA:321,0
DA:328,0
DA:385,0
DA:386,0
DA:388,0
DA:399,0
DA:406,0
DA:422,0
DA:433,0
DA:447,0
DA:451,0
DA:474,0
DA:482,0
LF:98
LH:0
BRDA:52,0,0,0
BRDA:52,0,1,0
BRDA:62,1,0,0
BRDA:62,1,1,0
BRDA:81,2,0,0
BRDA:81,2,1,0
BRDA:88,3,0,0
BRDA:88,3,1,0
BRDA:96,4,0,0
BRDA:96,4,1,0
BRDA:114,5,0,0
BRDA:114,5,1,0
BRDA:130,6,0,0
BRDA:130,6,1,0
BRDA:133,7,0,0
BRDA:133,7,1,0
BRDA:154,8,0,0
BRDA:154,8,1,0
BRDA:163,9,0,0
BRDA:163,9,1,0
BRDA:171,10,0,0
BRDA:171,10,1,0
BRDA:189,11,0,0
BRDA:189,11,1,0
BRDA:198,12,0,0
BRDA:198,12,1,0
BRDA:200,13,0,0
BRDA:200,13,1,0
BRDA:224,14,0,0
BRDA:224,14,1,0
BRDA:234,15,0,0
BRDA:234,15,1,0
BRDA:244,16,0,0
BRDA:244,16,1,0
BRDA:309,17,0,0
BRDA:309,17,1,0
BRDA:321,18,0,0
BRDA:321,18,1,0
BRDA:340,19,0,0
BRDA:340,19,1,0
BRDA:349,20,0,0
BRDA:349,20,1,0
BRDA:366,21,0,0
BRDA:366,21,1,0
BRDA:382,22,0,0
BRDA:382,22,1,0
BRDA:385,23,0,0
BRDA:385,23,1,0
BRDA:393,24,0,0
BRDA:393,24,1,0
BRDA:402,25,0,0
BRDA:402,25,1,0
BRDA:430,26,0,0
BRDA:430,26,1,0
BRDA:466,27,0,0
BRDA:466,27,1,0
BRDA:481,28,0,0
BRDA:481,28,1,0
BRF:58
BRH:0
end_of_record
TN:
SF:src\components\JobDraftWizard.jsx
FN:76,(anonymous_0)
FN:197,(anonymous_1)
FN:208,(anonymous_2)
FN:308,(anonymous_3)
FN:311,(anonymous_4)
FN:330,(anonymous_5)
FN:362,(anonymous_6)
FN:408,(anonymous_7)
FN:457,(anonymous_8)
FN:576,(anonymous_9)
FN:622,(anonymous_10)
FN:665,(anonymous_11)
FN:699,(anonymous_12)
FN:719,(anonymous_13)
FN:720,(anonymous_14)
FN:723,(anonymous_15)
FN:727,(anonymous_16)
FN:744,(anonymous_17)
FN:750,(anonymous_18)
FN:751,(anonymous_19)
FN:753,(anonymous_20)
FN:757,(anonymous_21)
FN:758,(anonymous_22)
FN:760,(anonymous_23)
FN:767,(anonymous_24)
FN:771,(anonymous_25)
FN:773,(anonymous_26)
FN:779,(anonymous_27)
FN:784,(anonymous_28)
FN:785,(anonymous_29)
FN:787,(anonymous_30)
FN:791,(anonymous_31)
FN:795,(anonymous_32)
FN:797,(anonymous_33)
FN:806,(anonymous_34)
FN:811,(anonymous_35)
FN:812,(anonymous_36)
FN:816,(anonymous_37)
FN:821,(anonymous_38)
FN:825,(anonymous_39)
FN:827,(anonymous_40)
FN:834,(anonymous_41)
FN:839,(anonymous_42)
FN:842,(anonymous_43)
FN:844,(anonymous_44)
FN:845,(anonymous_45)
FN:849,(anonymous_46)
FN:854,(anonymous_47)
FN:864,(anonymous_48)
FN:870,(anonymous_49)
FN:871,(anonymous_50)
FN:873,(anonymous_51)
FN:877,(anonymous_52)
FN:878,(anonymous_53)
FN:880,(anonymous_54)
FN:896,(anonymous_55)
FN:900,(anonymous_56)
FN:906,(anonymous_57)
FN:913,(anonymous_58)
FN:920,(anonymous_59)
FN:932,(anonymous_60)
FN:937,(anonymous_61)
FN:943,(anonymous_62)
FN:957,(anonymous_63)
FN:968,(anonymous_64)
FN:979,(anonymous_65)
FN:984,(anonymous_66)
FN:985,(anonymous_67)
FN:994,(anonymous_68)
FN:998,(anonymous_69)
FN:1000,(anonymous_70)
FN:1010,(anonymous_71)
FN:1011,(anonymous_72)
FN:1015,(anonymous_73)
FN:1020,(anonymous_74)
FN:1030,(anonymous_75)
FN:1039,(anonymous_76)
FN:1040,(anonymous_77)
FN:1044,(anonymous_78)
FN:1049,(anonymous_79)
FN:1050,(anonymous_80)
FN:1054,(anonymous_81)
FN:1071,(anonymous_82)
FN:1153,(anonymous_83)
FN:1167,(anonymous_84)
FN:1187,(anonymous_85)
FN:1224,(anonymous_86)
FN:1232,(anonymous_87)
FN:1276,(anonymous_88)
FN:1307,(anonymous_89)
FN:1315,(anonymous_90)
FN:1340,(anonymous_91)
FN:1350,(anonymous_92)
FN:1359,(anonymous_93)
FN:1384,(anonymous_94)
FN:1385,(anonymous_95)
FN:1386,(anonymous_96)
FN:1397,(anonymous_97)
FN:1398,(anonymous_98)
FN:1400,(anonymous_99)
FN:1404,(anonymous_100)
FN:1405,(anonymous_101)
FN:1407,(anonymous_102)
FN:1413,(anonymous_103)
FN:1414,(anonymous_104)
FN:1420,(anonymous_105)
FN:1421,(anonymous_106)
FN:1423,(anonymous_107)
FN:1427,(anonymous_108)
FN:1428,(anonymous_109)
FN:1430,(anonymous_110)
FN:1436,(anonymous_111)
FN:1449,(anonymous_112)
FN:1453,(anonymous_113)
FN:1485,(anonymous_114)
FN:1489,(anonymous_115)
FN:1491,(anonymous_116)
FN:1497,(anonymous_117)
FN:1538,(anonymous_118)
FN:1582,(anonymous_119)
FN:1582,(anonymous_120)
FN:1600,(anonymous_121)
FN:1618,(anonymous_122)
FN:1631,(anonymous_123)
FN:1690,(anonymous_124)
FN:1765,(anonymous_125)
FN:1839,(anonymous_126)
FN:1847,(anonymous_127)
FN:1860,(anonymous_128)
FN:1866,(anonymous_129)
FN:1882,(anonymous_130)
FN:1886,(anonymous_131)
FN:1902,(anonymous_132)
FN:1915,(anonymous_133)
FN:1942,(anonymous_134)
FN:1949,(anonymous_135)
FN:1950,(anonymous_136)
FN:1951,(anonymous_137)
FN:1976,(anonymous_138)
FN:1986,(anonymous_139)
FN:1996,(anonymous_140)
FN:2047,(anonymous_141)
FN:2053,(anonymous_142)
FN:2070,(anonymous_143)
FN:2089,(anonymous_144)
FN:2112,(anonymous_145)
FN:2123,(anonymous_146)
FN:2142,(anonymous_147)
FN:2167,(anonymous_148)
FN:2191,(anonymous_149)
FN:2198,(anonymous_150)
FN:2218,(anonymous_151)
FN:2243,(anonymous_152)
FN:2267,(anonymous_153)
FN:2278,(anonymous_154)
FN:2295,(anonymous_155)
FN:2315,(anonymous_156)
FN:2334,(anonymous_157)
FN:2355,(anonymous_158)
FN:2374,(anonymous_159)
FN:2393,(anonymous_160)
FN:2412,(anonymous_161)
FN:2432,(anonymous_162)
FN:2460,(anonymous_163)
FN:2468,(anonymous_164)
FN:2486,(anonymous_165)
FN:2505,(anonymous_166)
FN:2526,(anonymous_167)
FN:2554,(anonymous_168)
FN:2574,(anonymous_169)
FN:2579,(anonymous_170)
FN:2603,(anonymous_171)
FN:2625,(anonymous_172)
FN:2646,(anonymous_173)
FN:2649,(anonymous_174)
FN:2650,(anonymous_175)
FN:2664,(anonymous_176)
FN:2685,(anonymous_177)
FN:2688,(anonymous_178)
FN:2689,(anonymous_179)
FN:2702,(anonymous_180)
FN:2705,(anonymous_181)
FN:2706,(anonymous_182)
FN:2719,(anonymous_183)
FN:2722,(anonymous_184)
FN:2723,(anonymous_185)
FN:2737,(anonymous_186)
FN:2787,(anonymous_187)
FN:2794,(anonymous_188)
FN:2803,(anonymous_189)
FN:2812,(anonymous_190)
FN:2812,(anonymous_191)
FN:2829,(anonymous_192)
FN:2836,(anonymous_193)
FN:2845,(anonymous_194)
FN:2854,(anonymous_195)
FN:2854,(anonymous_196)
FN:2876,(anonymous_197)
FN:2877,(anonymous_198)
FN:2886,(anonymous_199)
FN:2907,(anonymous_200)
FN:2907,(anonymous_201)
FN:2932,(anonymous_202)
FN:2939,(anonymous_203)
FN:2948,(anonymous_204)
FN:2957,(anonymous_205)
FN:2957,(anonymous_206)
FN:2974,(anonymous_207)
FN:2976,(anonymous_208)
FN:2984,(anonymous_209)
FN:2994,(anonymous_210)
FN:2996,(anonymous_211)
FN:3006,(anonymous_212)
FN:3006,(anonymous_213)
FN:3033,(anonymous_214)
FN:3048,(anonymous_215)
FN:3048,(anonymous_216)
FN:3059,(anonymous_217)
FN:3090,(anonymous_218)
FN:3102,(anonymous_219)
FN:3104,(anonymous_220)
FN:3105,(anonymous_221)
FN:3106,(anonymous_222)
FN:3116,(anonymous_223)
FN:3124,(anonymous_224)
FN:3162,(anonymous_225)
FN:3173,(anonymous_226)
FN:3181,(anonymous_227)
FN:3193,(anonymous_228)
FN:3201,(anonymous_229)
FN:3214,(anonymous_230)
FN:3222,(anonymous_231)
FN:3225,(anonymous_232)
FN:3226,(anonymous_233)
FN:3247,(anonymous_234)
FN:3280,(anonymous_235)
FN:3311,(anonymous_236)
FN:3324,(anonymous_237)
FN:3327,(anonymous_238)
FN:3328,(anonymous_239)
FN:3345,(anonymous_240)
FN:3356,(anonymous_241)
FN:3383,(anonymous_242)
FN:3391,(anonymous_243)
FN:3407,(anonymous_244)
FN:3413,(anonymous_245)
FN:3429,(anonymous_246)
FN:3435,(anonymous_247)
FN:3456,(anonymous_248)
FN:3467,(anonymous_249)
FN:3485,(anonymous_250)
FN:3505,(anonymous_251)
FN:3510,(anonymous_252)
FN:3529,(anonymous_253)
FN:3627,(anonymous_254)
FN:3639,(anonymous_255)
FN:3737,(anonymous_256)
FN:3748,(anonymous_257)
FN:3766,(anonymous_258)
FN:3791,(anonymous_259)
FN:3814,(anonymous_260)
FN:3829,(anonymous_261)
FN:3844,(anonymous_262)
FN:3851,(anonymous_263)
FN:3860,(anonymous_264)
FN:3869,(anonymous_265)
FN:3869,(anonymous_266)
FN:3885,(anonymous_267)
FN:3909,(anonymous_268)
FN:3914,(anonymous_269)
FN:3927,(anonymous_270)
FN:3931,(anonymous_271)
FN:3942,(anonymous_272)
FN:3946,(anonymous_273)
FN:3961,(anonymous_274)
FN:3971,(anonymous_275)
FN:3988,(anonymous_276)
FN:3999,(anonymous_277)
FN:4002,(anonymous_278)
FN:4016,(anonymous_279)
FN:4045,(anonymous_280)
FN:4073,(anonymous_281)
FN:4101,(anonymous_282)
FNF:283
FNH:0
FNDA:0,(anonymous_0)
FNDA:0,(anonymous_1)
FNDA:0,(anonymous_2)
FNDA:0,(anonymous_3)
FNDA:0,(anonymous_4)
FNDA:0,(anonymous_5)
FNDA:0,(anonymous_6)
FNDA:0,(anonymous_7)
FNDA:0,(anonymous_8)
FNDA:0,(anonymous_9)
FNDA:0,(anonymous_10)
FNDA:0,(anonymous_11)
FNDA:0,(anonymous_12)
FNDA:0,(anonymous_13)
FNDA:0,(anonymous_14)
FNDA:0,(anonymous_15)
FNDA:0,(anonymous_16)
FNDA:0,(anonymous_17)
FNDA:0,(anonymous_18)
FNDA:0,(anonymous_19)
FNDA:0,(anonymous_20)
FNDA:0,(anonymous_21)
FNDA:0,(anonymous_22)
FNDA:0,(anonymous_23)
FNDA:0,(anonymous_24)
FNDA:0,(anonymous_25)
FNDA:0,(anonymous_26)
FNDA:0,(anonymous_27)
FNDA:0,(anonymous_28)
FNDA:0,(anonymous_29)
FNDA:0,(anonymous_30)
FNDA:0,(anonymous_31)
FNDA:0,(anonymous_32)
FNDA:0,(anonymous_33)
FNDA:0,(anonymous_34)
FNDA:0,(anonymous_35)
FNDA:0,(anonymous_36)
FNDA:0,(anonymous_37)
FNDA:0,(anonymous_38)
FNDA:0,(anonymous_39)
FNDA:0,(anonymous_40)
FNDA:0,(anonymous_41)
FNDA:0,(anonymous_42)
FNDA:0,(anonymous_43)
FNDA:0,(anonymous_44)
FNDA:0,(anonymous_45)
FNDA:0,(anonymous_46)
FNDA:0,(anonymous_47)
FNDA:0,(anonymous_48)
FNDA:0,(anonymous_49)
FNDA:0,(anonymous_50)
FNDA:0,(anonymous_51)
FNDA:0,(anonymous_52)
FNDA:0,(anonymous_53)
FNDA:0,(anonymous_54)
FNDA:0,(anonymous_55)
FNDA:0,(anonymous_56)
FNDA:0,(anonymous_57)
FNDA:0,(anonymous_58)
FNDA:0,(anonymous_59)
FNDA:0,(anonymous_60)
FNDA:0,(anonymous_61)
FNDA:0,(anonymous_62)
FNDA:0,(anonymous_63)
FNDA:0,(anonymous_64)
FNDA:0,(anonymous_65)
FNDA:0,(anonymous_66)
FNDA:0,(anonymous_67)
FNDA:0,(anonymous_68)
FNDA:0,(anonymous_69)
FNDA:0,(anonymous_70)
FNDA:0,(anonymous_71)
FNDA:0,(anonymous_72)
FNDA:0,(anonymous_73)
FNDA:0,(anonymous_74)
FNDA:0,(anonymous_75)
FNDA:0,(anonymous_76)
FNDA:0,(anonymous_77)
FNDA:0,(anonymous_78)
FNDA:0,(anonymous_79)
FNDA:0,(anonymous_80)
FNDA:0,(anonymous_81)
FNDA:0,(anonymous_82)
FNDA:0,(anonymous_83)
FNDA:0,(anonymous_84)
FNDA:0,(anonymous_85)
FNDA:0,(anonymous_86)
FNDA:0,(anonymous_87)
FNDA:0,(anonymous_88)
FNDA:0,(anonymous_89)
FNDA:0,(anonymous_90)
FNDA:0,(anonymous_91)
FNDA:0,(anonymous_92)
FNDA:0,(anonymous_93)
FNDA:0,(anonymous_94)
FNDA:0,(anonymous_95)
FNDA:0,(anonymous_96)
FNDA:0,(anonymous_97)
FNDA:0,(anonymous_98)
FNDA:0,(anonymous_99)
FNDA:0,(anonymous_100)
FNDA:0,(anonymous_101)
FNDA:0,(anonymous_102)
FNDA:0,(anonymous_103)
FNDA:0,(anonymous_104)
FNDA:0,(anonymous_105)
FNDA:0,(anonymous_106)
FNDA:0,(anonymous_107)
FNDA:0,(anonymous_108)
FNDA:0,(anonymous_109)
FNDA:0,(anonymous_110)
FNDA:0,(anonymous_111)
FNDA:0,(anonymous_112)
FNDA:0,(anonymous_113)
FNDA:0,(anonymous_114)
FNDA:0,(anonymous_115)
FNDA:0,(anonymous_116)
FNDA:0,(anonymous_117)
FNDA:0,(anonymous_118)
FNDA:0,(anonymous_119)
FNDA:0,(anonymous_120)
FNDA:0,(anonymous_121)
FNDA:0,(anonymous_122)
FNDA:0,(anonymous_123)
FNDA:0,(anonymous_124)
FNDA:0,(anonymous_125)
FNDA:0,(anonymous_126)
FNDA:0,(anonymous_127)
FNDA:0,(anonymous_128)
FNDA:0,(anonymous_129)
FNDA:0,(anonymous_130)
FNDA:0,(anonymous_131)
FNDA:0,(anonymous_132)
FNDA:0,(anonymous_133)
FNDA:0,(anonymous_134)
FNDA:0,(anonymous_135)
FNDA:0,(anonymous_136)
FNDA:0,(anonymous_137)
FNDA:0,(anonymous_138)
FNDA:0,(anonymous_139)
FNDA:0,(anonymous_140)
FNDA:0,(anonymous_141)
FNDA:0,(anonymous_142)
FNDA:0,(anonymous_143)
FNDA:0,(anonymous_144)
FNDA:0,(anonymous_145)
FNDA:0,(anonymous_146)
FNDA:0,(anonymous_147)
FNDA:0,(anonymous_148)
FNDA:0,(anonymous_149)
FNDA:0,(anonymous_150)
FNDA:0,(anonymous_151)
FNDA:0,(anonymous_152)
FNDA:0,(anonymous_153)
FNDA:0,(anonymous_154)
FNDA:0,(anonymous_155)
FNDA:0,(anonymous_156)
FNDA:0,(anonymous_157)
FNDA:0,(anonymous_158)
FNDA:0,(anonymous_159)
FNDA:0,(anonymous_160)
FNDA:0,(anonymous_161)
FNDA:0,(anonymous_162)
FNDA:0,(anonymous_163)
FNDA:0,(anonymous_164)
FNDA:0,(anonymous_165)
FNDA:0,(anonymous_166)
FNDA:0,(anonymous_167)
FNDA:0,(anonymous_168)
FNDA:0,(anonymous_169)
FNDA:0,(anonymous_170)
FNDA:0,(anonymous_171)
FNDA:0,(anonymous_172)
FNDA:0,(anonymous_173)
FNDA:0,(anonymous_174)
FNDA:0,(anonymous_175)
FNDA:0,(anonymous_176)
FNDA:0,(anonymous_177)
FNDA:0,(anonymous_178)
FNDA:0,(anonymous_179)
FNDA:0,(anonymous_180)
FNDA:0,(anonymous_181)
FNDA:0,(anonymous_182)
FNDA:0,(anonymous_183)
FNDA:0,(anonymous_184)
FNDA:0,(anonymous_185)
FNDA:0,(anonymous_186)
FNDA:0,(anonymous_187)
FNDA:0,(anonymous_188)
FNDA:0,(anonymous_189)
FNDA:0,(anonymous_190)
FNDA:0,(anonymous_191)
FNDA:0,(anonymous_192)
FNDA:0,(anonymous_193)
FNDA:0,(anonymous_194)
FNDA:0,(anonymous_195)
FNDA:0,(anonymous_196)
FNDA:0,(anonymous_197)
FNDA:0,(anonymous_198)
FNDA:0,(anonymous_199)
FNDA:0,(anonymous_200)
FNDA:0,(anonymous_201)
FNDA:0,(anonymous_202)
FNDA:0,(anonymous_203)
FNDA:0,(anonymous_204)
FNDA:0,(anonymous_205)
FNDA:0,(anonymous_206)
FNDA:0,(anonymous_207)
FNDA:0,(anonymous_208)
FNDA:0,(anonymous_209)
FNDA:0,(anonymous_210)
FNDA:0,(anonymous_211)
FNDA:0,(anonymous_212)
FNDA:0,(anonymous_213)
FNDA:0,(anonymous_214)
FNDA:0,(anonymous_215)
FNDA:0,(anonymous_216)
FNDA:0,(anonymous_217)
FNDA:0,(anonymous_218)
FNDA:0,(anonymous_219)
FNDA:0,(anonymous_220)
FNDA:0,(anonymous_221)
FNDA:0,(anonymous_222)
FNDA:0,(anonymous_223)
FNDA:0,(anonymous_224)
FNDA:0,(anonymous_225)
FNDA:0,(anonymous_226)
FNDA:0,(anonymous_227)
FNDA:0,(anonymous_228)
FNDA:0,(anonymous_229)
FNDA:0,(anonymous_230)
FNDA:0,(anonymous_231)
FNDA:0,(anonymous_232)
FNDA:0,(anonymous_233)
FNDA:0,(anonymous_234)
FNDA:0,(anonymous_235)
FNDA:0,(anonymous_236)
FNDA:0,(anonymous_237)
FNDA:0,(anonymous_238)
FNDA:0,(anonymous_239)
FNDA:0,(anonymous_240)
FNDA:0,(anonymous_241)
FNDA:0,(anonymous_242)
FNDA:0,(anonymous_243)
FNDA:0,(anonymous_244)
FNDA:0,(anonymous_245)
FNDA:0,(anonymous_246)
FNDA:0,(anonymous_247)
FNDA:0,(anonymous_248)
FNDA:0,(anonymous_249)
FNDA:0,(anonymous_250)
FNDA:0,(anonymous_251)
FNDA:0,(anonymous_252)
FNDA:0,(anonymous_253)
FNDA:0,(anonymous_254)
FNDA:0,(anonymous_255)
FNDA:0,(anonymous_256)
FNDA:0,(anonymous_257)
FNDA:0,(anonymous_258)
FNDA:0,(anonymous_259)
FNDA:0,(anonymous_260)
FNDA:0,(anonymous_261)
FNDA:0,(anonymous_262)
FNDA:0,(anonymous_263)
FNDA:0,(anonymous_264)
FNDA:0,(anonymous_265)
FNDA:0,(anonymous_266)
FNDA:0,(anonymous_267)
FNDA:0,(anonymous_268)
FNDA:0,(anonymous_269)
FNDA:0,(anonymous_270)
FNDA:0,(anonymous_271)
FNDA:0,(anonymous_272)
FNDA:0,(anonymous_273)
FNDA:0,(anonymous_274)
FNDA:0,(anonymous_275)
FNDA:0,(anonymous_276)
FNDA:0,(anonymous_277)
FNDA:0,(anonymous_278)
FNDA:0,(anonymous_279)
FNDA:0,(anonymous_280)
FNDA:0,(anonymous_281)
FNDA:0,(anonymous_282)
DA:76,0
DA:77,0
DA:78,0
DA:79,0
DA:80,0
DA:197,0
DA:198,0
DA:200,0
DA:202,0
DA:203,0
DA:206,0
DA:208,0
DA:302,0
DA:304,0
DA:305,0
DA:308,0
DA:311,0
DA:326,0
DA:327,0
DA:330,0
DA:362,0
DA:408,0
DA:449,0
DA:451,0
DA:452,0
DA:457,0
DA:458,0
DA:461,0
DA:472,0
DA:474,0
DA:484,0
DA:493,0
DA:504,0
DA:511,0
DA:517,0
DA:525,0
DA:531,0
DA:538,0
DA:551,0
DA:560,0
DA:568,0
DA:576,0
DA:577,0
DA:579,0
DA:581,0
DA:582,0
DA:583,0
DA:584,0
DA:586,0
DA:587,0
DA:588,0
DA:590,0
DA:591,0
DA:594,0
DA:595,0
DA:598,0
DA:599,0
DA:600,0
DA:601,0
DA:603,0
DA:604,0
DA:606,0
DA:607,0
DA:608,0
DA:610,0
DA:611,0
DA:612,0
DA:613,0
DA:614,0
DA:616,0
DA:619,0
DA:620,0
DA:622,0
DA:623,0
DA:624,0
DA:626,0
DA:627,0
DA:629,0
DA:630,0
DA:632,0
DA:633,0
DA:635,0
DA:636,0
DA:638,0
DA:639,0
DA:643,0
DA:646,0
DA:647,0
DA:649,0
DA:650,0
DA:652,0
DA:653,0
DA:655,0
DA:656,0
DA:658,0
DA:659,0
DA:661,0
DA:664,0
DA:665,0
DA:666,0
DA:667,0
DA:669,0
DA:670,0
DA:672,0
DA:673,0
DA:674,0
DA:676,0
DA:677,0
DA:682,0
DA:686,0
DA:689,0
DA:692,0
DA:693,0
DA:698,0
DA:699,0
DA:700,0
DA:701,0
DA:703,0
DA:704,0
DA:706,0
DA:707,0
DA:708,0
DA:713,0
DA:716,0
DA:719,0
DA:720,0
DA:722,0
DA:723,0
DA:727,0
DA:728,0
DA:744,0
DA:750,0
DA:751,0
DA:753,0
DA:757,0
DA:758,0
DA:761,0
DA:765,0
DA:766,0
DA:767,0
DA:771,0
DA:772,0
DA:773,0
DA:778,0
DA:779,0
DA:784,0
DA:785,0
DA:787,0
DA:790,0
DA:791,0
DA:795,0
DA:796,0
DA:797,0
DA:805,0
DA:806,0
DA:811,0
DA:812,0
DA:816,0
DA:820,0
DA:821,0
DA:825,0
DA:826,0
DA:827,0
DA:833,0
DA:834,0
DA:839,0
DA:840,0
DA:841,0
DA:842,0
DA:844,0
DA:845,0
DA:848,0
DA:849,0
DA:854,0
DA:855,0
DA:864,0
DA:870,0
DA:871,0
DA:873,0
DA:877,0
DA:878,0
DA:881,0
DA:882,0
DA:884,0
DA:885,0
DA:886,0
DA:888,0
DA:890,0
DA:894,0
DA:895,0
DA:896,0
DA:900,0
DA:901,0
DA:902,0
DA:904,0
DA:905,0
DA:906,0
DA:907,0
DA:911,0
DA:912,0
DA:913,0
DA:914,0
DA:918,0
DA:920,0
DA:931,0
DA:932,0
DA:937,0
DA:939,0
DA:940,0
DA:943,0
DA:957,0
DA:958,0
DA:960,0
DA:966,0
DA:968,0
DA:977,0
DA:979,0
DA:980,0
DA:984,0
DA:985,0
DA:993,0
DA:994,0
DA:998,0
DA:999,0
DA:1000,0
DA:1010,0
DA:1011,0
DA:1015,0
DA:1020,0
DA:1021,0
DA:1030,0
DA:1039,0
DA:1040,0
DA:1044,0
DA:1049,0
DA:1050,0
DA:1055,0
DA:1056,0
DA:1058,0
DA:1059,0
DA:1060,0
DA:1062,0
DA:1064,0
DA:1071,0
DA:1072,0
DA:1147,0
DA:1153,0
DA:1154,0
DA:1155,0
DA:1158,0
DA:1161,0
DA:1167,0
DA:1168,0
DA:1170,0
DA:1171,0
DA:1172,0
DA:1174,0
DA:1175,0
DA:1176,0
DA:1178,0
DA:1179,0
DA:1182,0
DA:1184,0
DA:1187,0
DA:1188,0
DA:1190,0
DA:1191,0
DA:1193,0
DA:1194,0
DA:1196,0
DA:1197,0
DA:1199,0
DA:1200,0
DA:1202,0
DA:1203,0
DA:1205,0
DA:1206,0
DA:1208,0
DA:1209,0
DA:1211,0
DA:1212,0
DA:1214,0
DA:1215,0
DA:1217,0
DA:1218,0
DA:1221,0
DA:1224,0
DA:1225,0
DA:1227,0
DA:1228,0
DA:1229,0
DA:1232,0
DA:1233,0
DA:1235,0
DA:1236,0
DA:1239,0
DA:1240,0
DA:1243,0
DA:1244,0
DA:1247,0
DA:1248,0
DA:1251,0
DA:1252,0
DA:1255,0
DA:1256,0
DA:1260,0
DA:1261,0
DA:1264,0
DA:1265,0
DA:1268,0
DA:1269,0
DA:1273,0
DA:1276,0
DA:1277,0
DA:1279,0
DA:1280,0
DA:1283,0
DA:1284,0
DA:1287,0
DA:1288,0
DA:1291,0
DA:1293,0
DA:1296,0
DA:1297,0
DA:1300,0
DA:1301,0
DA:1304,0
DA:1307,0
DA:1308,0
DA:1310,0
DA:1311,0
DA:1312,0
DA:1315,0
DA:1316,0
DA:1318,0
DA:1319,0
DA:1322,0
DA:1323,0
DA:1327,0
DA:1328,0
DA:1329,0
DA:1331,0
DA:1332,0
DA:1337,0
DA:1340,0
DA:1341,0
DA:1343,0
DA:1344,0
DA:1347,0
DA:1350,0
DA:1351,0
DA:1354,0
DA:1355,0
DA:1359,0
DA:1360,0
DA:1362,0
DA:1363,0
DA:1366,0
DA:1367,0
DA:1371,0
DA:1372,0
DA:1373,0
DA:1375,0
DA:1376,0
DA:1381,0
DA:1384,0
DA:1385,0
DA:1386,0
DA:1397,0
DA:1398,0
DA:1400,0
DA:1404,0
DA:1405,0
DA:1408,0
DA:1413,0
DA:1414,0
DA:1420,0
DA:1421,0
DA:1423,0
DA:1427,0
DA:1428,0
DA:1431,0
DA:1436,0
DA:1437,0
DA:1439,0
DA:1445,0
DA:1446,0
DA:1449,0
DA:1450,0
DA:1452,0
DA:1453,0
DA:1457,0
DA:1458,0
DA:1460,0
DA:1471,0
DA:1472,0
DA:1474,0
DA:1477,0
DA:1478,0
DA:1479,0
DA:1480,0
DA:1484,0
DA:1485,0
DA:1489,0
DA:1490,0
DA:1491,0
DA:1493,0
DA:1497,0
DA:1499,0
DA:1502,0
DA:1503,0
DA:1504,0
DA:1507,0
DA:1508,0
DA:1510,0
DA:1511,0
DA:1512,0
DA:1513,0
DA:1514,0
DA:1517,0
DA:1521,0
DA:1538,0
DA:1582,0
DA:1600,0
DA:1613,0
DA:1614,0
DA:1615,0
DA:1618,0
DA:1619,0
DA:1631,0
DA:1690,0
DA:1766,0
DA:1768,0
DA:1839,0
DA:1840,0
DA:1847,0
DA:1861,0
DA:1866,0
DA:1882,0
DA:1887,0
DA:1902,0
DA:1915,0
DA:1942,0
DA:1950,0
DA:1951,0
DA:1952,0
DA:1954,0
DA:1976,0
DA:1977,0
DA:1986,0
DA:1997,0
DA:1998,0
DA:1999,0
DA:2001,0
DA:2047,0
DA:2054,0
DA:2070,0
DA:2089,0
DA:2112,0
DA:2123,0
DA:2142,0
DA:2167,0
DA:2192,0
DA:2198,0
DA:2218,0
DA:2243,0
DA:2267,0
DA:2278,0
DA:2295,0
DA:2315,0
DA:2334,0
DA:2355,0
DA:2374,0
DA:2393,0
DA:2412,0
DA:2432,0
DA:2461,0
DA:2468,0
DA:2486,0
DA:2505,0
DA:2526,0
DA:2554,0
DA:2574,0
DA:2580,0
DA:2603,0
DA:2625,0
DA:2646,0
DA:2649,0
[...]
BRDA:199,22,0,0
BRDA:199,22,1,0
BRDA:200,23,0,0
BRDA:200,23,1,0
BRDA:218,24,0,0
BRDA:218,24,1,0
BRDA:236,25,0,0
BRDA:239,26,0,0
BRDA:239,26,1,0
BRDA:243,27,0,0
BRDA:243,27,1,0
BRDA:243,28,0,0
BRDA:243,28,1,0
BRDA:268,29,0,0
BRDA:268,29,1,0
BRDA:271,30,0,0
BRDA:271,30,1,0
BRDA:333,31,0,0
BRDA:333,31,1,0
BRDA:345,32,0,0
BRDA:349,33,0,0
BRDA:349,33,1,0
BRDA:356,34,0,0
BRDA:356,34,1,0
BRDA:356,35,0,0
BRDA:356,35,1,0
BRDA:370,36,0,0
BRDA:370,36,1,0
BRDA:394,37,0,0
BRDA:394,37,1,0
BRDA:435,38,0,0
BRDA:435,38,1,0
BRDA:435,39,0,0
BRDA:435,39,1,0
BRDA:443,40,0,0
BRDA:443,40,1,0
BRDA:461,41,0,0
BRDA:477,42,0,0
BRDA:477,42,1,0
BRDA:482,43,0,0
BRDA:482,43,1,0
BRDA:487,44,0,0
BRDA:487,44,1,0
BRDA:491,45,0,0
BRDA:491,45,1,0
BRDA:498,46,0,0
BRDA:498,46,1,0
BRDA:503,47,0,0
BRDA:503,47,1,0
BRDA:514,48,0,0
BRDA:534,49,0,0
BRDA:534,49,1,0
BRDA:535,50,0,0
BRDA:535,50,1,0
BRDA:555,51,0,0
BRDA:555,51,1,0
BRDA:563,52,0,0
BRDA:563,52,1,0
BRDA:571,53,0,0
BRDA:571,53,1,0
BRDA:572,54,0,0
BRDA:572,54,1,0
BRF:106
BRH:0
end_of_record
TN:
SF:src\utils\auditTestHelper.js
FN:19,(anonymous_0)
FN:28,(anonymous_1)
FN:37,(anonymous_2)
FN:46,(anonymous_3)
FN:54,(anonymous_4)
FN:64,(anonymous_5)
FN:73,(anonymous_6)
FN:83,(anonymous_7)
FN:93,(anonymous_8)
FN:101,(anonymous_9)
FN:109,(anonymous_10)
FN:118,(anonymous_11)
FN:126,(anonymous_12)
FN:134,(anonymous_13)
FN:147,(anonymous_14)
FN:158,(anonymous_15)
FN:161,(anonymous_16)
FN:174,(anonymous_17)
FN:190,(anonymous_18)
FN:208,(anonymous_19)
FN:210,(anonymous_20)
FNF:21
FNH:0
FNDA:0,(anonymous_0)
FNDA:0,(anonymous_1)
FNDA:0,(anonymous_2)
FNDA:0,(anonymous_3)
FNDA:0,(anonymous_4)
FNDA:0,(anonymous_5)
FNDA:0,(anonymous_6)
FNDA:0,(anonymous_7)
FNDA:0,(anonymous_8)
FNDA:0,(anonymous_9)
FNDA:0,(anonymous_10)
FNDA:0,(anonymous_11)
FNDA:0,(anonymous_12)
FNDA:0,(anonymous_13)
FNDA:0,(anonymous_14)
FNDA:0,(anonymous_15)
FNDA:0,(anonymous_16)
FNDA:0,(anonymous_17)
FNDA:0,(anonymous_18)
FNDA:0,(anonymous_19)
FNDA:0,(anonymous_20)
DA:17,0
DA:20,0
DA:25,0
DA:29,0
DA:34,0
DA:38,0
DA:42,0
DA:47,0
DA:51,0
DA:55,0
DA:60,0
DA:65,0
DA:70,0
DA:74,0
DA:79,0
DA:84,0
DA:89,0
DA:94,0
DA:97,0
DA:102,0
DA:106,0
DA:110,0
DA:114,0
DA:119,0
DA:123,0
DA:127,0
DA:130,0
DA:135,0
DA:138,0
DA:139,0
DA:140,0
DA:141,0
DA:143,0
DA:148,0
DA:149,0
DA:150,0
DA:151,0
DA:152,0
DA:154,0
DA:159,0
DA:160,0
DA:161,0
DA:162,0
DA:166,0
DA:167,0
DA:169,0
DA:175,0
DA:178,0
DA:179,0
DA:182,0
DA:185,0
DA:186,0
DA:191,0
DA:192,0
DA:194,0
DA:195,0
DA:201,0
DA:202,0
DA:203,0
DA:204,0
DA:209,0
DA:210,0
DA:215,0
DA:216,0
DA:217,0
DA:218,0
DA:219,0
LF:67
LH:0
BRDA:19,0,0,0
BRDA:28,1,0,0
BRDA:37,2,0,0
BRDA:46,3,0,0
BRDA:54,4,0,0
BRDA:64,5,0,0
BRDA:73,6,0,0
BRDA:83,7,0,0
BRDA:101,8,0,0
BRDA:109,9,0,0
BRDA:118,10,0,0
BRDA:126,11,0,0
BRDA:147,12,0,0
BRDA:162,13,0,0
BRDA:162,13,1,0
BRDA:162,13,2,0
BRDA:190,14,0,0
BRDA:210,15,0,0
BRDA:210,15,1,0
BRDA:215,16,0,0
BRDA:215,16,1,0
BRF:21
BRH:0
end_of_record
TN:
SF:src\utils\errorHandler.js
FN:3,(anonymous_0)
FN:14,(anonymous_1)
FN:35,(anonymous_2)
FN:55,(anonymous_3)
FN:80,(anonymous_4)
FNF:5
FNH:3
FNDA:39,(anonymous_0)
FNDA:51,(anonymous_1)
FNDA:0,(anonymous_2)
FNDA:35,(anonymous_3)
FNDA:0,(anonymous_4)
DA:4,39
DA:5,39
DA:6,39
DA:7,39
DA:8,39
DA:9,39
DA:14,7
DA:17,51
DA:18,51
DA:19,51
DA:21,35
DA:24,35
DA:25,0
DA:29,35
DA:30,35
DA:34,0
DA:35,0
DA:41,35
DA:42,0
DA:46,35
DA:55,7
DA:57,35
DA:58,0
DA:62,35
DA:63,0
DA:67,35
DA:68,0
DA:72,35
DA:73,0
DA:76,35
DA:80,7
DA:81,0
DA:82,0
DA:86,0
DA:87,0
DA:96,0
DA:97,0
DA:106,0
LF:38
LH:23
BRDA:3,0,0,0
BRDA:3,1,0,0
BRDA:3,2,0,4
BRDA:14,3,0,40
BRDA:14,4,0,40
BRDA:24,5,0,0
BRDA:24,5,1,35
BRDA:24,6,0,35
BRDA:24,6,1,0
BRDA:29,7,0,35
BRDA:29,7,1,0
BRDA:34,8,0,0
BRDA:34,8,1,0
BRDA:41,9,0,0
BRDA:41,9,1,35
BRDA:47,10,0,35
BRDA:47,10,1,0
BRDA:49,11,0,35
BRDA:49,11,1,35
BRDA:57,12,0,0
BRDA:57,12,1,35
BRDA:57,13,0,35
BRDA:57,13,1,0
BRDA:62,14,0,0
BRDA:62,14,1,35
BRDA:67,15,0,0
BRDA:67,15,1,35
BRDA:72,16,0,0
BRDA:72,16,1,35
BRDA:80,17,0,0
BRDA:81,18,0,0
BRDA:81,18,1,0
BRDA:86,19,0,0
BRDA:86,19,1,0
BRDA:86,20,0,0
BRDA:86,20,1,0
BRDA:88,21,0,0
BRDA:88,21,1,0
BRDA:96,22,0,0
BRDA:96,22,1,0
BRDA:98,23,0,0
BRDA:98,23,1,0
BRDA:98,24,0,0
BRDA:98,24,1,0
BRDA:98,25,0,0
BRDA:98,25,1,0
BRDA:107,26,0,0
BRDA:107,26,1,0
BRDA:107,27,0,0
BRDA:107,27,1,0
BRF:50
BRH:15
end_of_record
TN:
SF:src\utils\formValidation.js
FN:10,(anonymous_0)
FN:27,(anonymous_1)
FN:38,(anonymous_2)
FN:38,(anonymous_3)
FN:48,(anonymous_4)
FN:48,(anonymous_5)
FN:58,(anonymous_6)
FN:58,(anonymous_7)
FN:68,(anonymous_8)
FN:68,(anonymous_9)
FN:79,(anonymous_10)
FN:79,(anonymous_11)
FN:90,(anonymous_12)
FN:101,(anonymous_13)
FN:117,(anonymous_14)
FN:117,(anonymous_15)
FN:127,(anonymous_16)
FN:127,(anonymous_17)
FN:141,(anonymous_18)
FN:159,(anonymous_19)
FN:168,(anonymous_20)
FNF:21
FNH:0
FNDA:0,(anonymous_0)
FNDA:0,(anonymous_1)
FNDA:0,(anonymous_2)
FNDA:0,(anonymous_3)
FNDA:0,(anonymous_4)
FNDA:0,(anonymous_5)
FNDA:0,(anonymous_6)
FNDA:0,(anonymous_7)
FNDA:0,(anonymous_8)
FNDA:0,(anonymous_9)
FNDA:0,(anonymous_10)
FNDA:0,(anonymous_11)
FNDA:0,(anonymous_12)
FNDA:0,(anonymous_13)
FNDA:0,(anonymous_14)
FNDA:0,(anonymous_15)
FNDA:0,(anonymous_16)
FNDA:0,(anonymous_17)
FNDA:0,(anonymous_18)
FNDA:0,(anonymous_19)
FNDA:0,(anonymous_20)
DA:10,1
DA:11,0
DA:12,0
DA:14,0
DA:15,0
DA:17,0
DA:19,0
DA:27,1
DA:28,0
DA:29,0
DA:30,0
DA:38,1
DA:39,0
DA:40,0
DA:48,1
DA:49,0
DA:50,0
DA:58,1
DA:59,0
DA:60,0
DA:68,1
DA:69,0
DA:70,0
DA:71,0
DA:79,1
DA:80,0
DA:81,0
DA:82,0
DA:90,1
DA:91,0
DA:92,0
DA:93,0
DA:101,1
DA:102,0
DA:103,0
DA:104,0
DA:105,0
DA:107,0
DA:117,1
DA:118,0
DA:119,0
DA:127,1
DA:128,0
DA:129,0
DA:130,0
DA:132,0
DA:141,1
DA:142,0
DA:144,0
DA:145,0
DA:146,0
DA:147,0
DA:151,0
DA:159,1
DA:160,0
DA:168,1
DA:169,0
DA:170,0
LF:58
LH:14
BRDA:11,0,0,0
BRDA:11,0,1,0
BRDA:11,1,0,0
BRDA:11,1,1,0
BRDA:11,1,2,0
BRDA:14,2,0,0
BRDA:14,2,1,0
BRDA:14,3,0,0
BRDA:14,3,1,0
BRDA:17,4,0,0
BRDA:17,4,1,0
BRDA:17,5,0,0
BRDA:17,5,1,0
BRDA:28,6,0,0
BRDA:28,6,1,0
BRDA:30,7,0,0
BRDA:30,7,1,0
BRDA:39,8,0,0
BRDA:39,8,1,0
BRDA:40,9,0,0
BRDA:40,9,1,0
BRDA:49,10,0,0
BRDA:49,10,1,0
BRDA:50,11,0,0
BRDA:50,11,1,0
BRDA:59,12,0,0
BRDA:59,12,1,0
BRDA:60,13,0,0
BRDA:60,13,1,0
BRDA:69,14,0,0
BRDA:69,14,1,0
BRDA:69,15,0,0
BRDA:69,15,1,0
BRDA:71,16,0,0
BRDA:71,16,1,0
BRDA:71,17,0,0
BRDA:71,17,1,0
BRDA:80,18,0,0
BRDA:80,18,1,0
BRDA:80,19,0,0
BRDA:80,19,1,0
BRDA:82,20,0,0
BRDA:82,20,1,0
BRDA:82,21,0,0
BRDA:82,21,1,0
BRDA:91,22,0,0
BRDA:91,22,1,0
BRDA:93,23,0,0
BRDA:93,23,1,0
BRDA:102,24,0,0
BRDA:102,24,1,0
BRDA:118,25,0,0
BRDA:118,25,1,0
BRDA:119,26,0,0
BRDA:119,26,1,0
BRDA:130,27,0,0
BRDA:130,27,1,0
BRDA:146,28,0,0
BRDA:146,28,1,0
BRDA:170,29,0,0
BRDA:170,29,1,0
BRF:61
BRH:0
end_of_record
TN:
SF:src\utils\helpers.js
FN:8,(anonymous_0)
FN:8,(anonymous_1)
FN:15,(anonymous_2)
FN:22,(anonymous_3)
FN:29,(anonymous_4)
FN:42,(anonymous_5)
FN:53,(anonymous_6)
FN:63,(anonymous_7)
FN:77,(anonymous_8)
FN:79,executedFunction
FN:80,(anonymous_10)
FN:95,(anonymous_11)
FN:97,(anonymous_12)
FN:103,(anonymous_13)
FN:114,(anonymous_14)
FN:124,(anonymous_15)
FN:128,(anonymous_16)
FN:137,(anonymous_17)
FN:150,(anonymous_18)
FN:160,(anonymous_19)
FN:172,(anonymous_20)
FN:173,(anonymous_21)
FN:190,(anonymous_22)
FN:191,(anonymous_23)
FN:206,(anonymous_24)
FN:210,(anonymous_25)
FN:211,(anonymous_26)
FNF:27
FNH:2
FNDA:7,(anonymous_0)
FNDA:7,(anonymous_1)
FNDA:0,(anonymous_2)
FNDA:0,(anonymous_3)
FNDA:0,(anonymous_4)
FNDA:0,(anonymous_5)
FNDA:0,(anonymous_6)
FNDA:0,(anonymous_7)
FNDA:0,(anonymous_8)
FNDA:0,executedFunction
FNDA:0,(anonymous_10)
FNDA:0,(anonymous_11)
FNDA:0,(anonymous_12)
FNDA:0,(anonymous_13)
FNDA:0,(anonymous_14)
FNDA:0,(anonymous_15)
FNDA:0,(anonymous_16)
FNDA:0,(anonymous_17)
FNDA:0,(anonymous_18)
FNDA:0,(anonymous_19)
FNDA:0,(anonymous_20)
FNDA:0,(anonymous_21)
FNDA:0,(anonymous_22)
FNDA:0,(anonymous_23)
FNDA:0,(anonymous_24)
FNDA:0,(anonymous_25)
FNDA:0,(anonymous_26)
DA:8,7
DA:15,5
DA:22,5
DA:29,5
DA:30,0
DA:31,0
DA:32,0
DA:33,0
DA:34,0
DA:42,5
DA:43,0
DA:44,0
DA:53,5
DA:54,0
DA:55,0
DA:63,5
DA:64,0
DA:65,0
DA:66,0
DA:67,0
DA:68,0
DA:77,5
DA:79,0
DA:80,0
DA:81,0
DA:82,0
DA:84,0
DA:85,0
DA:95,5
DA:97,0
DA:98,0
DA:99,0
DA:100,0
DA:101,0
DA:102,0
DA:103,0
DA:114,5
DA:115,0
DA:116,0
DA:124,5
DA:125,0
DA:126,0
DA:128,0
DA:137,5
DA:138,0
DA:142,0
DA:150,5
DA:151,0
DA:152,0
DA:160,5
DA:161,0
DA:162,0
DA:172,5
DA:173,0
DA:174,0
DA:175,0
DA:177,0
DA:178,0
DA:180,0
DA:190,5
DA:191,0
DA:192,0
DA:193,0
DA:194,0
DA:195,0
DA:206,5
DA:207,0
DA:209,0
DA:210,0
DA:211,0
DA:212,0
LF:71
LH:17
BRDA:8,0,0,0
BRDA:22,1,0,0
BRDA:30,2,0,0
BRDA:30,2,1,0
BRDA:43,3,0,0
BRDA:43,3,1,0
BRDA:53,4,0,0
BRDA:54,5,0,0
BRDA:54,5,1,0
BRDA:54,6,0,0
BRDA:54,6,1,0
BRDA:64,7,0,0
BRDA:64,7,1,0
BRDA:64,8,0,0
BRDA:64,8,1,0
BRDA:65,9,0,0
BRDA:65,9,1,0
BRDA:66,10,0,0
BRDA:66,10,1,0
BRDA:67,11,0,0
BRDA:67,11,1,0
BRDA:100,12,0,0
BRDA:100,12,1,0
BRDA:114,13,0,0
BRDA:115,14,0,0
BRDA:115,14,1,0
BRDA:125,15,0,0
BRDA:125,15,1,0
BRDA:172,16,0,0
BRDA:177,17,0,0
BRDA:177,17,1,0
BRDA:178,18,0,0
BRDA:178,18,1,0
BRDA:178,19,0,0
BRDA:178,19,1,0
BRDA:180,20,0,0
BRDA:180,20,1,0
BRDA:180,21,0,0
BRDA:180,21,1,0
BRDA:193,22,0,0
BRDA:193,22,1,0
BRDA:207,23,0,0
BRDA:207,23,1,0
BRF:43
BRH:0
end_of_record
TN:
SF:src\utils\mvpValidation.js
FN:9,(anonymous_0)
FN:20,(anonymous_1)
FN:32,(anonymous_2)
FN:68,(anonymous_3)
FN:76,(anonymous_4)
FN:98,(anonymous_5)
FN:115,(anonymous_6)
FN:123,(anonymous_7)
FN:167,(anonymous_8)
FN:175,(anonymous_9)
FN:214,(anonymous_10)
FN:222,(anonymous_11)
FN:243,(anonymous_12)
FN:256,(anonymous_13)
FN:273,(anonymous_14)
FN:281,(anonymous_15)
FN:305,(anonymous_16)
FN:323,(anonymous_17)
FN:331,(anonymous_18)
FN:380,(anonymous_19)
FN:390,(anonymous_20)
FN:397,(anonymous_21)
FN:401,(anonymous_22)
FN:416,(anonymous_23)
FNF:24
FNH:0
FNDA:0,(anonymous_0)
FNDA:0,(anonymous_1)
FNDA:0,(anonymous_2)
FNDA:0,(anonymous_3)
FNDA:0,(anonymous_4)
FNDA:0,(anonymous_5)
FNDA:0,(anonymous_6)
FNDA:0,(anonymous_7)
FNDA:0,(anonymous_8)
FNDA:0,(anonymous_9)
FNDA:0,(anonymous_10)
FNDA:0,(anonymous_11)
FNDA:0,(anonymous_12)
FNDA:0,(anonymous_13)
FNDA:0,(anonymous_14)
FNDA:0,(anonymous_15)
FNDA:0,(anonymous_16)
FNDA:0,(anonymous_17)
FNDA:0,(anonymous_18)
FNDA:0,(anonymous_19)
FNDA:0,(anonymous_20)
FNDA:0,(anonymous_21)
FNDA:0,(anonymous_22)
FNDA:0,(anonymous_23)
DA:9,0
DA:10,0
DA:20,0
DA:22,0
DA:32,0
DA:33,0
DA:35,0
DA:37,0
DA:38,0
DA:39,0
DA:46,0
DA:52,0
DA:59,0
DA:66,0
DA:68,0
DA:76,0
DA:77,0
DA:79,0
DA:81,0
DA:90,0
DA:97,0
DA:98,0
DA:99,0
DA:106,0
DA:113,0
DA:115,0
DA:123,0
DA:124,0
DA:126,0
DA:128,0
DA:136,0
DA:142,0
DA:143,0
DA:150,0
DA:151,0
DA:158,0
DA:165,0
DA:167,0
DA:175,0
DA:176,0
DA:178,0
DA:180,0
DA:189,0
DA:196,0
DA:197,0
DA:198,0
DA:205,0
DA:212,0
DA:214,0
DA:222,0
DA:223,0
DA:225,0
DA:227,0
DA:235,0
DA:242,0
DA:243,0
DA:244,0
DA:251,0
DA:256,0
DA:257,0
DA:264,0
DA:271,0
DA:273,0
DA:281,0
DA:282,0
DA:284,0
DA:286,0
DA:298,0
DA:305,0
DA:306,0
DA:307,0
DA:314,0
DA:321,0
DA:323,0
DA:331,0
DA:332,0
DA:334,0
DA:336,0
DA:337,0
DA:338,0
DA:345,0
DA:351,0
DA:358,0
DA:364,0
DA:371,0
DA:378,0
DA:380,0
DA:390,0
DA:391,0
DA:393,0
DA:394,0
DA:395,0
DA:397,0
DA:398,0
DA:399,0
DA:401,0
DA:402,0
DA:403,0
DA:406,0
DA:409,0
DA:416,0
DA:417,0
DA:418,0
DA:419,0
DA:421,0
DA:422,0
LF:106
LH:0
BRDA:23,0,0,0
BRDA:23,0,1,0
BRDA:41,1,0,0
BRDA:41,1,1,0
BRDA:41,2,0,0
BRDA:41,2,1,0
BRDA:54,3,0,0
BRDA:54,3,1,0
BRDA:68,4,0,0
BRDA:68,4,1,0
BRDA:92,5,0,0
BRDA:92,5,1,0
BRDA:92,6,0,0
BRDA:92,6,1,0
BRDA:92,6,2,0
BRDA:101,7,0,0
BRDA:101,7,1,0
BRDA:115,8,0,0
BRDA:115,8,1,0
BRDA:145,9,0,0
BRDA:145,9,1,0
BRDA:145,10,0,0
BRDA:145,10,1,0
BRDA:146,11,0,0
BRDA:146,11,1,0
BRDA:153,12,0,0
BRDA:153,12,1,0
BRDA:153,13,0,0
BRDA:153,13,1,0
BRDA:154,14,0,0
BRDA:154,14,1,0
BRDA:167,15,0,0
BRDA:167,15,1,0
BRDA:191,16,0,0
BRDA:191,16,1,0
BRDA:191,17,0,0
BRDA:191,17,1,0
BRDA:200,18,0,0
BRDA:200,18,1,0
BRDA:214,19,0,0
BRDA:214,19,1,0
BRDA:237,20,0,0
BRDA:237,20,1,0
BRDA:237,21,0,0
BRDA:237,21,1,0
BRDA:246,22,0,0
BRDA:246,22,1,0
BRDA:259,23,0,0
BRDA:259,23,1,0
BRDA:273,24,0,0
BRDA:273,24,1,0
BRDA:300,25,0,0
BRDA:300,25,1,0
BRDA:300,26,0,0
BRDA:300,26,1,0
BRDA:306,27,0,0
BRDA:306,27,1,0
BRDA:309,28,0,0
BRDA:309,28,1,0
BRDA:323,29,0,0
BRDA:323,29,1,0
BRDA:337,30,0,0
BRDA:337,30,1,0
BRDA:340,31,0,0
BRDA:340,31,1,0
BRDA:353,32,0,0
BRDA:353,32,1,0
BRDA:366,33,0,0
BRDA:366,33,1,0
BRDA:380,34,0,0
BRDA:380,34,1,0
BRDA:402,35,0,0
BRDA:402,35,1,0
BRF:73
BRH:0
end_of_record
TN:
SF:src\utils\nepaliDate.js
FN:15,(anonymous_0)
FN:47,(anonymous_1)
FN:81,(anonymous_2)
FN:97,(anonymous_3)
FN:119,(anonymous_4)
FN:145,(anonymous_5)
FN:154,(anonymous_6)
FN:164,(anonymous_7)
FN:175,(anonymous_8)
FN:194,(anonymous_9)
FN:208,(anonymous_10)
FN:274,(anonymous_11)
FN:334,(anonymous_12)
FN:343,(anonymous_13)
FN:352,(anonymous_14)
FN:366,(anonymous_15)
FN:376,(anonymous_16)
FN:405,(anonymous_17)
FN:417,(anonymous_18)
FN:429,(anonymous_19)
FNF:20
FNH:0
FNDA:0,(anonymous_0)
FNDA:0,(anonymous_1)
FNDA:0,(anonymous_2)
FNDA:0,(anonymous_3)
FNDA:0,(anonymous_4)
FNDA:0,(anonymous_5)
FNDA:0,(anonymous_6)
FNDA:0,(anonymous_7)
FNDA:0,(anonymous_8)
FNDA:0,(anonymous_9)
FNDA:0,(anonymous_10)
FNDA:0,(anonymous_11)
FNDA:0,(anonymous_12)
FNDA:0,(anonymous_13)
FNDA:0,(anonymous_14)
FNDA:0,(anonymous_15)
FNDA:0,(anonymous_16)
FNDA:0,(anonymous_17)
FNDA:0,(anonymous_18)
FNDA:0,(anonymous_19)
DA:6,0
DA:9,0
DA:12,0
DA:15,0
DA:16,0
DA:18,0
DA:19,0
DA:23,0
DA:28,0
DA:34,0
DA:38,0
DA:47,0
DA:48,0
DA:49,0
DA:50,0
DA:51,0
DA:55,0
DA:56,0
DA:58,0
DA:69,0
DA:70,0
DA:81,0
DA:82,0
DA:83,0
DA:84,0
DA:86,0
DA:87,0
DA:97,0
DA:98,0
DA:99,0
DA:100,0
DA:101,0
DA:104,0
DA:105,0
DA:107,0
DA:108,0
DA:119,0
DA:120,0
DA:121,0
DA:124,0
DA:126,0
DA:128,0
DA:130,0
DA:135,0
DA:145,0
DA:146,0
DA:154,0
DA:155,0
DA:156,0
DA:164,0
DA:165,0
DA:167,0
DA:168,0
DA:175,0
DA:176,0
DA:177,0
DA:179,0
DA:194,0
DA:195,0
DA:196,0
DA:197,0
DA:199,0
DA:208,0
DA:209,0
DA:210,0
DA:211,0
DA:213,0
DA:214,0
DA:215,0
DA:216,0
DA:218,0
DA:240,0
DA:241,0
DA:242,0
DA:243,0
DA:244,0
DA:245,0
DA:246,0
DA:247,0
DA:248,0
DA:249,0
DA:250,0
DA:251,0
DA:252,0
DA:256,0
DA:260,0
DA:261,0
DA:274,0
DA:275,0
DA:276,0
DA:278,0
DA:279,0
DA:280,0
DA:282,0
DA:293,0
DA:294,0
DA:296,0
DA:306,0
DA:307,0
DA:334,0
DA:335,0
DA:343,0
DA:344,0
DA:352,0
DA:353,0
DA:354,0
DA:355,0
DA:357,0
DA:366,0
DA:367,0
DA:368,0
DA:376,0
DA:377,0
DA:378,0
DA:380,0
DA:405,0
DA:406,0
DA:407,0
DA:409,0
DA:417,0
DA:418,0
DA:419,0
DA:421,0
DA:429,0
DA:430,0
DA:431,0
DA:432,0
DA:434,0
DA:435,0
DA:436,0
DA:438,0
LF:131
LH:0
BRDA:49,0,0,0
BRDA:49,0,1,0
BRDA:50,1,0,0
BRDA:50,1,1,0
BRDA:97,2,0,0
BRDA:99,3,0,0
BRDA:99,3,1,0
BRDA:100,4,0,0
BRDA:100,4,1,0
BRDA:119,5,0,0
BRDA:119,6,0,0
BRDA:120,7,0,0
BRDA:120,7,1,0
BRDA:120,8,0,0
BRDA:120,8,1,0
BRDA:126,9,0,0
BRDA:126,9,1,0
BRDA:126,9,2,0
BRDA:126,9,3,0
BRDA:130,10,0,0
BRDA:130,10,1,0
BRDA:135,11,0,0
BRDA:135,11,1,0
BRDA:155,12,0,0
BRDA:155,12,1,0
BRDA:196,13,0,0
BRDA:196,13,1,0
BRDA:208,14,0,0
BRDA:210,15,0,0
BRDA:210,15,1,0
BRDA:218,16,0,0
BRDA:218,16,1,0
BRDA:240,17,0,0
BRDA:240,17,1,0
BRDA:242,18,0,0
BRDA:242,18,1,0
BRDA:244,19,0,0
BRDA:244,19,1,0
BRDA:246,20,0,0
BRDA:246,20,1,0
BRDA:248,21,0,0
BRDA:248,21,1,0
BRDA:250,22,0,0
BRDA:250,22,1,0
BRDA:252,23,0,0
BRDA:252,23,1,0
BRDA:256,24,0,0
BRDA:256,24,1,0
BRDA:261,25,0,0
BRDA:261,25,1,0
BRDA:274,26,0,0
BRDA:276,27,0,0
BRDA:276,27,1,0
BRDA:288,28,0,0
BRDA:288,28,1,0
BRDA:352,29,0,0
BRDA:353,30,0,0
BRDA:353,30,1,0
BRDA:366,31,0,0
BRDA:376,32,0,0
BRDA:377,33,0,0
BRDA:377,33,1,0
BRDA:409,34,0,0
BRDA:409,34,1,0
BRF:64
BRH:0
end_of_record
TN:
SF:src\utils\nepaliDateValidation.js
FN:9,(anonymous_0)
FN:29,(anonymous_1)
FN:92,(anonymous_2)
FN:155,(anonymous_3)
FN:175,(anonymous_4)
FN:225,(anonymous_5)
FN:341,(anonymous_6)
FN:371,(anonymous_7)
FN:380,(anonymous_8)
FN:391,(anonymous_9)
FN:392,(anonymous_10)
FN:410,(anonymous_11)
FN:412,(anonymous_12)
FN:413,(anonymous_13)
FN:432,(anonymous_14)
FN:434,(anonymous_15)
FN:439,(anonymous_16)
FN:441,(anonymous_17)
FN:444,(anonymous_18)
FN:446,(anonymous_19)
FN:451,(anonymous_20)
FN:453,(anonymous_21)
FN:461,(anonymous_22)
FN:464,(anonymous_23)
FN:467,(anonymous_24)
FN:470,(anonymous_25)
FN:473,(anonymous_26)
FN:476,(anonymous_27)
FNF:28
FNH:0
FNDA:0,(anonymous_0)
FNDA:0,(anonymous_1)
FNDA:0,(anonymous_2)
FNDA:0,(anonymous_3)
FNDA:0,(anonymous_4)
FNDA:0,(anonymous_5)
FNDA:0,(anonymous_6)
FNDA:0,(anonymous_7)
FNDA:0,(anonymous_8)
FNDA:0,(anonymous_9)
FNDA:0,(anonymous_10)
FNDA:0,(anonymous_11)
FNDA:0,(anonymous_12)
FNDA:0,(anonymous_13)
FNDA:0,(anonymous_14)
FNDA:0,(anonymous_15)
FNDA:0,(anonymous_16)
FNDA:0,(anonymous_17)
FNDA:0,(anonymous_18)
FNDA:0,(anonymous_19)
FNDA:0,(anonymous_20)
FNDA:0,(anonymous_21)
FNDA:0,(anonymous_22)
FNDA:0,(anonymous_23)
FNDA:0,(anonymous_24)
FNDA:0,(anonymous_25)
FNDA:0,(anonymous_26)
FNDA:0,(anonymous_27)
DA:11,0
DA:12,0
DA:15,0
DA:30,0
DA:31,0
DA:34,0
DA:35,0
DA:36,0
DA:37,0
DA:38,0
DA:39,0
DA:43,0
DA:44,0
DA:45,0
DA:46,0
DA:50,0
DA:51,0
DA:52,0
DA:53,0
DA:54,0
DA:56,0
DA:57,0
DA:58,0
DA:63,0
DA:64,0
DA:66,0
DA:67,0
DA:68,0
DA:69,0
DA:70,0
DA:72,0
DA:73,0
DA:77,0
DA:93,0
DA:94,0
DA:97,0
DA:98,0
DA:100,0
DA:101,0
DA:104,0
DA:105,0
DA:106,0
DA:110,0
DA:111,0
DA:113,0
DA:114,0
DA:117,0
DA:118,0
DA:122,0
DA:123,0
DA:125,0
DA:126,0
DA:127,0
DA:128,0
DA:131,0
DA:134,0
DA:135,0
DA:138,0
DA:156,0
DA:158,0
DA:162,0
DA:165,0
DA:176,0
DA:177,0
DA:180,0
DA:181,0
DA:183,0
DA:184,0
DA:187,0
DA:188,0
DA:192,0
DA:193,0
DA:194,0
DA:196,0
DA:197,0
DA:201,0
DA:202,0
DA:203,0
DA:207,0
DA:226,0
DA:227,0
DA:229,0
DA:230,0
DA:231,0
DA:234,0
DA:237,0
DA:249,0
DA:250,0
DA:253,0
DA:255,0
DA:256,0
DA:257,0
DA:258,0
DA:259,0
DA:264,0
DA:265,0
DA:266,0
DA:267,0
DA:268,0
DA:269,0
DA:275,0
DA:276,0
DA:277,0
DA:278,0
DA:282,0
DA:283,0
DA:284,0
DA:290,0
DA:292,0
DA:293,0
DA:294,0
DA:298,0
DA:299,0
DA:300,0
DA:301,0
DA:303,0
DA:304,0
DA:305,0
DA:311,0
DA:312,0
DA:315,0
DA:316,0
DA:319,0
DA:342,0
DA:344,0
DA:345,0
DA:348,0
DA:349,0
DA:352,0
DA:355,0
DA:357,0
DA:373,0
DA:380,0
DA:381,0
DA:392,0
DA:395,0
DA:396,0
DA:397,0
DA:398,0
DA:400,0
DA:403,0
DA:410,0
DA:411,0
DA:412,0
DA:413,0
DA:415,0
DA:433,0
DA:434,0
DA:435,0
DA:438,0
DA:439,0
DA:441,0
DA:445,0
DA:446,0
DA:447,0
DA:450,0
DA:451,0
DA:453,0
DA:458,0
DA:461,0
DA:462,0
DA:464,0
DA:465,0
DA:467,0
DA:468,0
DA:470,0
DA:471,0
DA:473,0
DA:474,0
DA:476,0
DA:477,0
LF:171
LH:0
BRDA:34,0,0,0
BRDA:34,0,1,0
BRDA:34,1,0,0
BRDA:34,1,1,0
BRDA:36,2,0,0
BRDA:36,2,1,0
BRDA:38,3,0,0
BRDA:38,3,1,0
BRDA:43,4,0,0
BRDA:43,4,1,0
BRDA:43,5,0,0
BRDA:43,5,1,0
BRDA:45,6,0,0
BRDA:45,6,1,0
BRDA:45,7,0,0
BRDA:45,7,1,0
BRDA:50,8,0,0
BRDA:50,8,1,0
BRDA:50,9,0,0
BRDA:50,9,1,0
BRDA:52,10,0,0
BRDA:52,10,1,0
BRDA:54,11,0,0
BRDA:54,11,1,0
BRDA:54,12,0,0
BRDA:54,12,1,0
BRDA:57,13,0,0
BRDA:57,13,1,0
BRDA:66,14,0,0
BRDA:66,14,1,0
BRDA:83,15,0,0
BRDA:83,15,1,0
BRDA:98,16,0,0
BRDA:98,16,1,0
BRDA:104,17,0,0
BRDA:104,17,1,0
BRDA:104,18,0,0
BRDA:104,18,1,0
BRDA:113,19,0,0
BRDA:113,19,1,0
BRDA:117,20,0,0
BRDA:117,20,1,0
BRDA:127,21,0,0
BRDA:127,21,1,0
BRDA:134,22,0,0
BRDA:134,22,1,0
BRDA:145,23,0,0
BRDA:145,23,1,0
BRDA:165,24,0,0
BRDA:165,24,1,0
BRDA:183,25,0,0
BRDA:183,25,1,0
BRDA:187,26,0,0
BRDA:187,26,1,0
BRDA:192,27,0,0
BRDA:192,27,1,0
BRDA:192,28,0,0
BRDA:192,28,1,0
BRDA:196,29,0,0
BRDA:196,29,1,0
BRDA:202,30,0,0
BRDA:202,30,1,0
BRDA:213,31,0,0
BRDA:213,31,1,0
BRDA:213,32,0,0
BRDA:213,32,1,0
BRDA:225,33,0,0
BRDA:229,34,0,0
BRDA:229,34,1,0
BRDA:229,35,0,0
BRDA:229,35,1,0
BRDA:253,36,0,0
BRDA:253,36,1,0
BRDA:257,37,0,0
BRDA:257,37,1,0
BRDA:264,38,0,0
BRDA:264,38,1,0
BRDA:267,39,0,0
BRDA:267,39,1,0
BRDA:275,40,0,0
BRDA:275,40,1,0
BRDA:278,41,0,0
BRDA:278,41,1,0
BRDA:282,42,0,0
BRDA:282,42,1,0
BRDA:290,43,0,0
BRDA:290,43,1,0
BRDA:298,44,0,0
BRDA:298,44,1,0
BRDA:311,45,0,0
BRDA:311,45,1,0
BRDA:320,46,0,0
BRDA:320,46,1,0
BRDA:326,47,0,0
BRDA:326,47,1,0
BRDA:344,48,0,0
BRDA:344,48,1,0
BRDA:362,49,0,0
BRDA:362,49,1,0
BRDA:381,50,0,0
BRDA:381,50,1,0
BRDA:391,51,0,0
BRDA:395,52,0,0
BRDA:395,52,1,0
BRDA:397,53,0,0
BRDA:397,53,1,0
BRDA:397,54,0,0
BRDA:397,54,1,0
BRDA:397,54,2,0
BRDA:435,55,0,0
BRDA:435,55,1,0
BRDA:447,56,0,0
BRDA:447,56,1,0
BRDA:467,57,0,0
BRDA:476,58,0,0
BRF:115
BRH:0
end_of_record
